#
# A fatal error has been detected by the Java Runtime Environment:
#
#  SIGSEGV (0xb) at pc=0x73800ef2, pid=3342, tid=3065424752
#
# JRE version: 6.0_20-b20
# Java VM: OpenJDK Server VM (19.0-b09 mixed mode linux-x86 )
# Derivative: IcedTea6 1.9.4
# Distribution: Ubuntu 10.04.1 LTS, package 6b20-1.9.4-0ubuntu1~10.04.1
# Problematic frame:
# C  [i965_dri.so+0x119ef2]
#
# If you would like to submit a bug report, please include
# instructions how to reproduce the bug and visit:
#   https://bugs.launchpad.net/ubuntu/+source/openjdk-6/
# The crash happened outside the Java Virtual Machine in native code.
# See problematic frame for where to report the bug.
#

---------------  T H R E A D  ---------------

Current thread (0x09ab5c00):  JavaThread "main" [_thread_in_native, id=3343, stack(0xb6b1a000,0xb6b6b000)]

siginfo:si_signo=SIGSEGV: si_errno=0, si_code=1 (SEGV_MAPERR), si_addr=0x00000000

Registers:
EAX=0x00000000, EBX=0x73988ff4, ECX=0x404c6000, EDX=0x00000000
ESP=0xb6b697f0, EBP=0xb6b69888, ESI=0x00000000, EDI=0x00000000
EIP=0x73800ef2, CR2=0x00000000, EFLAGS=0x00210246

Register to memory mapping:

EAX=0x00000000
0x00000000 is pointing to unknown location

EBX=0x73988ff4
0x73988ff4: <offset 0x2a1ff4> in /usr/lib/dri/i965_dri.so at 0x736e7000

ECX=0x404c6000
0x404c6000 is pointing to unknown location

EDX=0x00000000
0x00000000 is pointing to unknown location

ESP=0xb6b697f0
0xb6b697f0 is pointing into the stack for thread: 0x09ab5c00
"main" prio=10 tid=0x09ab5c00 nid=0xd0f runnable [0xb6b69000]
   java.lang.Thread.State: RUNNABLE

EBP=0xb6b69888
0xb6b69888 is pointing into the stack for thread: 0x09ab5c00
"main" prio=10 tid=0x09ab5c00 nid=0xd0f runnable [0xb6b69000]
   java.lang.Thread.State: RUNNABLE

ESI=0x00000000
0x00000000 is pointing to unknown location

EDI=0x00000000
0x00000000 is pointing to unknown location


Top of Stack: (sp=0xb6b697f0)
0xb6b697f0:   00000002 73a593d4 404c6000 00000040
0xb6b69800:   00000040 00001908 00001401 00000000
0xb6b69810:   00000000 00000000 73a342dc 73988ff4
0xb6b69820:   73a4c4d0 00000228 00000000 21950000
0xb6b69830:   00000001 00001908 000001ea 003fffc8
0xb6b69840:   00000000 00000004 00000000 73988ff4
0xb6b69850:   001ffe58 73a4c4d0 00000100 00000000
0xb6b69860:   001ffdf0 00000de1 00000001 73718891 

Instructions: (pc=0x73800ef2)
0x73800ee2:   b6 74 91 02 09 f0 0f b6 74 91 01 c1 e6 08 09 f0
0x73800ef2:   89 04 97 83 c2 01 39 55 30 7f d3 83 45 d4 01 8b 

Stack: [0xb6b1a000,0xb6b6b000],  sp=0xb6b697f0,  free space=317k
Native frames: (J=compiled Java code, j=interpreted, Vv=VM code, C=native code)
C  [i965_dri.so+0x119ef2]
C  [i965_dri.so+0x113a99]  _mesa_texstore+0x99
C  [i965_dri.so+0x5d5ab]
C  [i965_dri.so+0x5df0e]
C  [i965_dri.so+0x10b48e]  _mesa_TexImage2D+0x23e
C  [liblwjgl.so+0x48755]  Java_org_lwjgl_opengl_GL11_nglTexImage2D+0x65
j  org.lwjgl.opengl.GL11.nglTexImage2D(IIIIIIIILjava/nio/Buffer;IJ)V+0
j  org.lwjgl.opengl.GL11.glTexImage2D(IIIIIIIILjava/nio/ByteBuffer;)V+74
j  baskingcat.act.Textures$$anonfun$load$1.apply(I)Ljava/lang/Object;+103
j  baskingcat.act.Textures$$anonfun$load$1.apply(Ljava/lang/Object;)Ljava/lang/Object;+5
j  scala.collection.immutable.Range$ByOne$class.foreach(Lscala/collection/immutable/Range$ByOne;Lscala/Function1;)V+55
j  scala.collection.immutable.Range$$anon$2.foreach(Lscala/Function1;)V+2
j  baskingcat.act.Textures$.load([[BIIZ)Lbaskingcat/act/Textures;+53
j  baskingcat.act.game.Parser$.baskingcat$act$game$Parser$$nodeToTextures(Lscala/xml/Node;)Lbaskingcat/act/Textures;+90
j  baskingcat.act.game.Parser$$anonfun$1.apply(Lscala/xml/Node;)Lscala/Tuple2;+19
j  baskingcat.act.game.Parser$$anonfun$1.apply(Ljava/lang/Object;)Ljava/lang/Object;+5

Java frames: (J=compiled Java code, j=interpreted, Vv=VM code)
j  org.lwjgl.opengl.GL11.nglTexImage2D(IIIIIIIILjava/nio/Buffer;IJ)V+0
j  org.lwjgl.opengl.GL11.glTexImage2D(IIIIIIIILjava/nio/ByteBuffer;)V+74
j  baskingcat.act.Textures$$anonfun$load$1.apply(I)Ljava/lang/Object;+103
j  baskingcat.act.Textures$$anonfun$load$1.apply(Ljava/lang/Object;)Ljava/lang/Object;+5
j  scala.collection.immutable.Range$ByOne$class.foreach(Lscala/collection/immutable/Range$ByOne;Lscala/Function1;)V+55
j  scala.collection.immutable.Range$$anon$2.foreach(Lscala/Function1;)V+2
j  baskingcat.act.Textures$.load([[BIIZ)Lbaskingcat/act/Textures;+53
j  baskingcat.act.game.Parser$.baskingcat$act$game$Parser$$nodeToTextures(Lscala/xml/Node;)Lbaskingcat/act/Textures;+90
j  baskingcat.act.game.Parser$$anonfun$1.apply(Lscala/xml/Node;)Lscala/Tuple2;+19
j  baskingcat.act.game.Parser$$anonfun$1.apply(Ljava/lang/Object;)Ljava/lang/Object;+5
J  scala.collection.TraversableLike$$anonfun$map$1.apply(Ljava/lang/Object;)Ljava/lang/Object;
J  scala.collection.Iterator$class.foreach(Lscala/collection/Iterator;Lscala/Function1;)V
j  scala.collection.LinearSeqLike$$anon$1.foreach(Lscala/Function1;)V+2
j  scala.collection.IterableLike$class.foreach(Lscala/collection/IterableLike;Lscala/Function1;)V+7
j  scala.xml.NodeSeq.foreach(Lscala/Function1;)V+2
j  scala.collection.TraversableLike$class.map(Lscala/collection/TraversableLike;Lscala/Function1;Lscala/collection/generic/CanBuildFrom;)Ljava/lang/Object;+37
j  scala.xml.NodeSeq.map(Lscala/Function1;Lscala/collection/generic/CanBuildFrom;)Ljava/lang/Object;+3
j  baskingcat.act.game.Parser$.parse(Lscala/xml/Elem;)Lscala/collection/immutable/Set;+28
j  baskingcat.act.game.Game.<init>(Lscala/xml/Elem;)V+5
j  baskingcat.act.title.Title.logic(Lcom/baskingcat/game/GameController;)Lcom/baskingcat/game/Scene;+38
j  baskingcat.act.ACT$.run(Lcom/baskingcat/game/GameController;Lcom/baskingcat/game/Scene;)V+29
j  com.baskingcat.game.AbstractGame.main([Ljava/lang/String;)V+13
j  baskingcat.act.ACT.main([Ljava/lang/String;)V+4
v  ~StubRoutines::call_stub

---------------  P R O C E S S  ---------------

Java Threads: ( => current thread )
  0x731d3400 JavaThread "Thread-3" daemon [_thread_blocked, id=3380, stack(0x73b8b000,0x73bdc000)]
  0x745f6400 JavaThread "AWT-XAWT" daemon [_thread_in_native, id=3367, stack(0x73bdc000,0x73c2d000)]
  0x7459bc00 JavaThread "Java2D Disposer" daemon [_thread_blocked, id=3366, stack(0x73d64000,0x73db5000)]
  0x74505800 JavaThread "Low Memory Detector" daemon [_thread_blocked, id=3364, stack(0x742ba000,0x7430b000)]
  0x7450b400 JavaThread "CompilerThread1" daemon [_thread_blocked, id=3363, stack(0x7430b000,0x7438c000)]
  0x09b8bc00 JavaThread "CompilerThread0" daemon [_thread_blocked, id=3362, stack(0x7438c000,0x7440d000)]
  0x74500800 JavaThread "JDWP Command Reader" daemon [_thread_in_native, id=3356, stack(0x7440d000,0x7445e000)]
  0x09b80000 JavaThread "JDWP Event Helper Thread" daemon [_thread_blocked, id=3355, stack(0x7445e000,0x744af000)]
  0x09b7d800 JavaThread "JDWP Transport Listener: dt_socket" daemon [_thread_blocked, id=3354, stack(0x744af000,0x74500000)]
  0x09b75c00 JavaThread "Signal Dispatcher" daemon [_thread_blocked, id=3353, stack(0x74606000,0x74657000)]
  0x09b63800 JavaThread "Finalizer" daemon [_thread_blocked, id=3352, stack(0x74657000,0x746a8000)]
  0x09b62000 JavaThread "Reference Handler" daemon [_thread_blocked, id=3351, stack(0x746a8000,0x746f9000)]
=>0x09ab5c00 JavaThread "main" [_thread_in_native, id=3343, stack(0xb6b1a000,0xb6b6b000)]

Other Threads:
  0x09b5e400 VMThread [stack: 0x746f9000,0x7477a000] [id=3350]
  0x74508c00 WatcherThread [stack: 0x74239000,0x742ba000] [id=3365]

VM state:not at safepoint (normal execution)

VM Mutex/Monitor currently owned by a thread: None

Heap
 PSYoungGen      total 254144K, used 132297K [0xa1550000, 0xb38a0000, 0xb38a0000)
  eden space 209984K, 41% used [0xa1550000,0xa6b6e080,0xae260000)
  from space 44160K, 99% used [0xae260000,0xb0d74688,0xb0d80000)
  to   space 44160K, 0% used [0xb0d80000,0xb0d80000,0xb38a0000)
 PSOldGen        total 115584K, used 64476K [0x7cea0000, 0x83f80000, 0xa1550000)
  object space 115584K, 55% used [0x7cea0000,0x80d97160,0x83f80000)
 PSPermGen       total 25344K, used 12725K [0x74ea0000, 0x76760000, 0x7cea0000)
  object space 25344K, 50% used [0x74ea0000,0x75b0d648,0x76760000)

Dynamic libraries:
00010000-00100000 rwxp 00000000 00:00 0 
00100000-00300000 rwxp 00000000 00:00 0 
00300000-00500000 rwxp 00000000 00:00 0 
00500000-00700000 rwxp 00000000 00:00 0 
00700000-00900000 rwxp 00000000 00:00 0 
00900000-00b00000 rwxp 00000000 00:00 0 
00b00000-00d00000 rwxp 00000000 00:00 0 
00d00000-00f00000 rwxp 00000000 00:00 0 
00f00000-01100000 rwxp 00000000 00:00 0 
01100000-01300000 rwxp 00000000 00:00 0 
01300000-01500000 rwxp 00000000 00:00 0 
01500000-01700000 rwxp 00000000 00:00 0 
01700000-01900000 rwxp 00000000 00:00 0 
01900000-01b00000 rwxp 00000000 00:00 0 
01b00000-01d00000 rwxp 00000000 00:00 0 
01d00000-01f00000 rwxp 00000000 00:00 0 
01f00000-02100000 rwxp 00000000 00:00 0 
02100000-02300000 rwxp 00000000 00:00 0 
02300000-02500000 rwxp 00000000 00:00 0 
02500000-02700000 rwxp 00000000 00:00 0 
02700000-02900000 rwxp 00000000 00:00 0 
02900000-02b00000 rwxp 00000000 00:00 0 
02b00000-02d00000 rwxp 00000000 00:00 0 
02d00000-02f00000 rwxp 00000000 00:00 0 
02f00000-03100000 rwxp 00000000 00:00 0 
03100000-03300000 rwxp 00000000 00:00 0 
03300000-03500000 rwxp 00000000 00:00 0 
03500000-03700000 rwxp 00000000 00:00 0 
03700000-03900000 rwxp 00000000 00:00 0 
03900000-03b00000 rwxp 00000000 00:00 0 
03b00000-03d00000 rwxp 00000000 00:00 0 
03d00000-03f00000 rwxp 00000000 00:00 0 
03f00000-04100000 rwxp 00000000 00:00 0 
04100000-04300000 rwxp 00000000 00:00 0 
04300000-04500000 rwxp 00000000 00:00 0 
04500000-04700000 rwxp 00000000 00:00 0 
04700000-04900000 rwxp 00000000 00:00 0 
04900000-04b00000 rwxp 00000000 00:00 0 
04b00000-04d00000 rwxp 00000000 00:00 0 
04d00000-04f00000 rwxp 00000000 00:00 0 
04f00000-05100000 rwxp 00000000 00:00 0 
05100000-05300000 rwxp 00000000 00:00 0 
05300000-05500000 rwxp 00000000 00:00 0 
05500000-05700000 rwxp 00000000 00:00 0 
05700000-05900000 rwxp 00000000 00:00 0 
05900000-05b00000 rwxp 00000000 00:00 0 
05b00000-05d00000 rwxp 00000000 00:00 0 
05d00000-05f00000 rwxp 00000000 00:00 0 
05f00000-06100000 rwxp 00000000 00:00 0 
06100000-06300000 rwxp 00000000 00:00 0 
06300000-06500000 rwxp 00000000 00:00 0 
06500000-06700000 rwxp 00000000 00:00 0 
06700000-06900000 rwxp 00000000 00:00 0 
06900000-06b00000 rwxp 00000000 00:00 0 
06b00000-06d00000 rwxp 00000000 00:00 0 
06d00000-06f00000 rwxp 00000000 00:00 0 
06f00000-07100000 rwxp 00000000 00:00 0 
07100000-07300000 rwxp 00000000 00:00 0 
07300000-07500000 rwxp 00000000 00:00 0 
07500000-07700000 rwxp 00000000 00:00 0 
07700000-07900000 rwxp 00000000 00:00 0 
07900000-07b00000 rwxp 00000000 00:00 0 
07b00000-07d00000 rwxp 00000000 00:00 0 
07d00000-07f00000 rwxp 00000000 00:00 0 
07f00000-08000000 rwxp 00000000 00:00 0 
08000000-08048000 rwxp 00000000 00:00 0 
08048000-08051000 r-xp 00000000 08:03 3677977    /usr/lib/jvm/java-6-openjdk/jre/bin/java
08051000-08052000 r-xp 00008000 08:03 3677977    /usr/lib/jvm/java-6-openjdk/jre/bin/java
08052000-08053000 rwxp 00009000 08:03 3677977    /usr/lib/jvm/java-6-openjdk/jre/bin/java
08054000-08100000 rwxp 00000000 00:00 0 
08100000-08300000 rwxp 00000000 00:00 0 
08300000-08500000 rwxp 00000000 00:00 0 
08500000-08700000 rwxp 00000000 00:00 0 
08700000-08900000 rwxp 00000000 00:00 0 
08900000-08b00000 rwxp 00000000 00:00 0 
08b00000-08d00000 rwxp 00000000 00:00 0 
08d00000-08f00000 rwxp 00000000 00:00 0 
08f00000-09100000 rwxp 00000000 00:00 0 
09100000-09300000 rwxp 00000000 00:00 0 
09300000-09500000 rwxp 00000000 00:00 0 
09500000-09700000 rwxp 00000000 00:00 0 
09700000-09900000 rwxp 00000000 00:00 0 
09900000-09a00000 rwxp 00000000 00:00 0 
09a01000-30775000 rwxp 00000000 00:00 0          [heap]
30776000-30800000 rwxp 00000000 00:00 0 
30800000-30a00000 rwxp 00000000 00:00 0 
30a00000-30c00000 rwxp 00000000 00:00 0 
30c00000-30e00000 rwxp 00000000 00:00 0 
30e00000-31000000 rwxp 00000000 00:00 0 
31000000-31200000 rwxp 00000000 00:00 0 
31200000-31400000 rwxp 00000000 00:00 0 
31400000-31600000 rwxp 00000000 00:00 0 
31600000-31800000 rwxp 00000000 00:00 0 
31800000-31a00000 rwxp 00000000 00:00 0 
31a00000-31c00000 rwxp 00000000 00:00 0 
31c00000-31e00000 rwxp 00000000 00:00 0 
31e00000-32000000 rwxp 00000000 00:00 0 
32000000-32200000 rwxp 00000000 00:00 0 
32200000-32400000 rwxp 00000000 00:00 0 
32400000-32600000 rwxp 00000000 00:00 0 
32600000-32800000 rwxp 00000000 00:00 0 
32800000-32a00000 rwxp 00000000 00:00 0 
32a00000-32c00000 rwxp 00000000 00:00 0 
32c00000-32e00000 rwxp 00000000 00:00 0 
32e00000-33000000 rwxp 00000000 00:00 0 
33000000-33200000 rwxp 00000000 00:00 0 
33200000-33400000 rwxp 00000000 00:00 0 
33400000-33600000 rwxp 00000000 00:00 0 
33600000-33800000 rwxp 00000000 00:00 0 
33800000-33a00000 rwxp 00000000 00:00 0 
33a00000-33c00000 rwxp 00000000 00:00 0 
33c00000-33e00000 rwxp 00000000 00:00 0 
33e00000-34000000 rwxp 00000000 00:00 0 
34000000-34200000 rwxp 00000000 00:00 0 
34200000-34400000 rwxp 00000000 00:00 0 
34400000-34600000 rwxp 00000000 00:00 0 
34600000-34800000 rwxp 00000000 00:00 0 
34800000-34a00000 rwxp 00000000 00:00 0 
34a00000-34c00000 rwxp 00000000 00:00 0 
34c00000-34e00000 rwxp 00000000 00:00 0 
34e00000-35000000 rwxp 00000000 00:00 0 
35000000-35200000 rwxp 00000000 00:00 0 
35200000-35400000 rwxp 00000000 00:00 0 
35400000-35600000 rwxp 00000000 00:00 0 
35600000-35800000 rwxp 00000000 00:00 0 
35800000-35a00000 rwxp 00000000 00:00 0 
35a00000-35c00000 rwxp 00000000 00:00 0 
35c00000-35e00000 rwxp 00000000 00:00 0 
35e00000-36000000 rwxp 00000000 00:00 0 
36000000-36200000 rwxp 00000000 00:00 0 
36200000-36400000 rwxp 00000000 00:00 0 
36400000-36600000 rwxp 00000000 00:00 0 
36600000-36800000 rwxp 00000000 00:00 0 
36800000-36a00000 rwxp 00000000 00:00 0 
36a00000-36c00000 rwxp 00000000 00:00 0 
36c00000-36e00000 rwxp 00000000 00:00 0 
36e00000-37000000 rwxp 00000000 00:00 0 
37000000-37200000 rwxp 00000000 00:00 0 
37200000-37400000 rwxp 00000000 00:00 0 
37400000-37600000 rwxp 00000000 00:00 0 
37600000-37800000 rwxp 00000000 00:00 0 
37800000-37a00000 rwxp 00000000 00:00 0 
37a00000-37c00000 rwxp 00000000 00:00 0 
37c00000-37e00000 rwxp 00000000 00:00 0 
37e00000-38000000 rwxp 00000000 00:00 0 
38000000-38200000 rwxp 00000000 00:00 0 
38200000-38400000 rwxp 00000000 00:00 0 
38400000-38600000 rwxp 00000000 00:00 0 
38600000-38800000 rwxp 00000000 00:00 0 
38800000-38a00000 rwxp 00000000 00:00 0 
38a00000-38c00000 rwxp 00000000 00:00 0 
38c00000-38e00000 rwxp 00000000 00:00 0 
38e00000-39000000 rwxp 00000000 00:00 0 
39000000-39200000 rwxp 00000000 00:00 0 
39200000-39400000 rwxp 00000000 00:00 0 
39400000-39600000 rwxp 00000000 00:00 0 
39600000-39800000 rwxp 00000000 00:00 0 
39800000-39a00000 rwxp 00000000 00:00 0 
39a00000-39c00000 rwxp 00000000 00:00 0 
39c00000-39e00000 rwxp 00000000 00:00 0 
39e00000-3a000000 rwxp 00000000 00:00 0 
3a000000-3a200000 rwxp 00000000 00:00 0 
3a200000-3a400000 rwxp 00000000 00:00 0 
3a400000-3a600000 rwxp 00000000 00:00 0 
3a600000-3a800000 rwxp 00000000 00:00 0 
3a800000-3aa00000 rwxp 00000000 00:00 0 
3aa00000-3ac00000 rwxp 00000000 00:00 0 
3ac00000-3ae00000 rwxp 00000000 00:00 0 
3ae00000-3b000000 rwxp 00000000 00:00 0 
3b000000-3b200000 rwxp 00000000 00:00 0 
3b200000-3b400000 rwxp 00000000 00:00 0 
3b400000-3b600000 rwxp 00000000 00:00 0 
3b600000-3b800000 rwxp 00000000 00:00 0 
3b800000-3ba00000 rwxp 00000000 00:00 0 
3ba00000-3bc00000 rwxp 00000000 00:00 0 
3bc00000-3be00000 rwxp 00000000 00:00 0 
3be00000-3c000000 rwxp 00000000 00:00 0 
3c000000-3c200000 rwxp 00000000 00:00 0 
3c200000-3c400000 rwxp 00000000 00:00 0 
3c400000-3c600000 rwxp 00000000 00:00 0 
3c600000-3c800000 rwxp 00000000 00:00 0 
3c800000-3ca00000 rwxp 00000000 00:00 0 
3ca00000-3cc00000 rwxp 00000000 00:00 0 
3cc00000-3ce00000 rwxp 00000000 00:00 0 
3ce00000-3d000000 rwxp 00000000 00:00 0 
3d000000-3d200000 rwxp 00000000 00:00 0 
3d200000-3d400000 rwxp 00000000 00:00 0 
3d400000-3d600000 rwxp 00000000 00:00 0 
3d600000-3d800000 rwxp 00000000 00:00 0 
3d800000-3da00000 rwxp 00000000 00:00 0 
3da00000-3dc00000 rwxp 00000000 00:00 0 
3dc00000-3de00000 rwxp 00000000 00:00 0 
3de00000-3e000000 rwxp 00000000 00:00 0 
3e000000-3e200000 rwxp 00000000 00:00 0 
3e200000-3e400000 rwxp 00000000 00:00 0 
3e400000-3e600000 rwxp 00000000 00:00 0 
3e600000-3e800000 rwxp 00000000 00:00 0 
3e800000-3ea00000 rwxp 00000000 00:00 0 
3ea00000-3ec00000 rwxp 00000000 00:00 0 
3ec00000-3ee00000 rwxp 00000000 00:00 0 
3ee00000-3f000000 rwxp 00000000 00:00 0 
3f000000-3f200000 rwxp 00000000 00:00 0 
3f200000-3f400000 rwxp 00000000 00:00 0 
3f400000-3f600000 rwxp 00000000 00:00 0 
3f600000-3f800000 rwxp 00000000 00:00 0 
3f800000-3fa00000 rwxp 00000000 00:00 0 
3fa00000-3fc00000 rwxp 00000000 00:00 0 
3fc00000-3fdfb000 rwxp 00000000 00:00 0 
3fdfb000-3fe00000 ---p 00000000 00:00 0 
3fe00000-3fffa000 rwxp 00000000 00:00 0 
3fffa000-40000000 ---p 00000000 00:00 0 
40000000-401fa000 rwxp 00000000 00:00 0 
401fa000-40200000 ---p 00000000 00:00 0 
40200000-403fa000 rwxp 00000000 00:00 0 
403fa000-40400000 ---p 00000000 00:00 0 
40400000-405fa000 rwxp 00000000 00:00 0 
405fa000-40600000 ---p 00000000 00:00 0 
40600000-407fa000 rwxp 00000000 00:00 0 
407fa000-40800000 ---p 00000000 00:00 0 
40800000-40a00000 rwxp 00000000 00:00 0 
40a00000-40c00000 rwxp 00000000 00:00 0 
40c00000-40e00000 rwxp 00000000 00:00 0 
40e00000-41000000 rwxp 00000000 00:00 0 
41000000-41200000 rwxp 00000000 00:00 0 
41200000-41400000 rwxp 00000000 00:00 0 
41400000-41600000 rwxp 00000000 00:00 0 
41600000-41800000 rwxp 00000000 00:00 0 
41800000-41a00000 rwxp 00000000 00:00 0 
41a00000-41c00000 rwxp 00000000 00:00 0 
41c00000-41c96000 rwxp 00000000 00:00 0 
41c96000-41d00000 ---p 00000000 00:00 0 
41d00000-41e00000 rwxp 00000000 00:00 0 
41e00000-42000000 rwxp 00000000 00:00 0 
42000000-42200000 rwxp 00000000 00:00 0 
42200000-42400000 rwxp 00000000 00:00 0 
42400000-42600000 rwxp 00000000 00:00 0 
42600000-42800000 rwxp 00000000 00:00 0 
42800000-42a00000 rwxp 00000000 00:00 0 
42a00000-42c00000 rwxp 00000000 00:00 0 
42c00000-42e00000 rwxp 00000000 00:00 0 
42e00000-43000000 rwxp 00000000 00:00 0 
43000000-43200000 rwxp 00000000 00:00 0 
43200000-43400000 rwxp 00000000 00:00 0 
43400000-43600000 rwxp 00000000 00:00 0 
43600000-43800000 rwxp 00000000 00:00 0 
43800000-43a00000 rwxp 00000000 00:00 0 
43a00000-43c00000 rwxp 00000000 00:00 0 
43c00000-43cff000 rwxp 00000000 00:00 0 
43cff000-43d00000 ---p 00000000 00:00 0 
43d00000-43dff000 rwxp 00000000 00:00 0 
43dff000-43e00000 ---p 00000000 00:00 0 
43e00000-43eff000 rwxp 00000000 00:00 0 
43eff000-43f00000 ---p 00000000 00:00 0 
43f00000-43fff000 rwxp 00000000 00:00 0 
43fff000-44000000 ---p 00000000 00:00 0 
44000000-440ff000 rwxp 00000000 00:00 0 
440ff000-44100000 ---p 00000000 00:00 0 
44100000-441ff000 rwxp 00000000 00:00 0 
441ff000-44200000 ---p 00000000 00:00 0 
44200000-442ff000 rwxp 00000000 00:00 0 
442ff000-44300000 ---p 00000000 00:00 0 
44300000-443ff000 rwxp 00000000 00:00 0 
443ff000-44400000 ---p 00000000 00:00 0 
44400000-444ff000 rwxp 00000000 00:00 0 
444ff000-44500000 ---p 00000000 00:00 0 
44500000-445ff000 rwxp 00000000 00:00 0 
445ff000-44600000 ---p 00000000 00:00 0 
44600000-446ff000 rwxp 00000000 00:00 0 
446ff000-44700000 ---p 00000000 00:00 0 
44700000-447ff000 rwxp 00000000 00:00 0 
447ff000-44800000 ---p 00000000 00:00 0 
44800000-448ff000 rwxp 00000000 00:00 0 
448ff000-44900000 ---p 00000000 00:00 0 
44900000-449ff000 rwxp 00000000 00:00 0 
449ff000-44a00000 ---p 00000000 00:00 0 
44a00000-44aff000 rwxp 00000000 00:00 0 
44aff000-44b00000 ---p 00000000 00:00 0 
44b00000-44bff000 rwxp 00000000 00:00 0 
44bff000-44c00000 ---p 00000000 00:00 0 
44c00000-44cff000 rwxp 00000000 00:00 0 
44cff000-44d00000 ---p 00000000 00:00 0 
44d00000-44dff000 rwxp 00000000 00:00 0 
44dff000-44e00000 ---p 00000000 00:00 0 
44e00000-44eff000 rwxp 00000000 00:00 0 
44eff000-44f00000 ---p 00000000 00:00 0 
44f00000-44fff000 rwxp 00000000 00:00 0 
44fff000-45000000 ---p 00000000 00:00 0 
45000000-450ff000 rwxp 00000000 00:00 0 
450ff000-45100000 ---p 00000000 00:00 0 
45100000-451ff000 rwxp 00000000 00:00 0 
451ff000-45200000 ---p 00000000 00:00 0 
45200000-452ff000 rwxp 00000000 00:00 0 
452ff000-45300000 ---p 00000000 00:00 0 
45300000-453ff000 rwxp 00000000 00:00 0 
453ff000-45400000 ---p 00000000 00:00 0 
45400000-454ff000 rwxp 00000000 00:00 0 
454ff000-45500000 ---p 00000000 00:00 0 
45500000-455ff000 rwxp 00000000 00:00 0 
455ff000-45600000 ---p 00000000 00:00 0 
45600000-456ff000 rwxp 00000000 00:00 0 
456ff000-45700000 ---p 00000000 00:00 0 
45700000-457ff000 rwxp 00000000 00:00 0 
457ff000-45800000 ---p 00000000 00:00 0 
45800000-458ff000 rwxp 00000000 00:00 0 
458ff000-45900000 ---p 00000000 00:00 0 
45900000-459ff000 rwxp 00000000 00:00 0 
459ff000-45a00000 ---p 00000000 00:00 0 
45a00000-45aff000 rwxp 00000000 00:00 0 
45aff000-45b00000 ---p 00000000 00:00 0 
45b00000-45bff000 rwxp 00000000 00:00 0 
45bff000-45c00000 ---p 00000000 00:00 0 
45c00000-45cff000 rwxp 00000000 00:00 0 
45cff000-45d00000 ---p 00000000 00:00 0 
45d00000-45dff000 rwxp 00000000 00:00 0 
45dff000-45e00000 ---p 00000000 00:00 0 
45e00000-45eff000 rwxp 00000000 00:00 0 
45eff000-45f00000 ---p 00000000 00:00 0 
45f00000-45fff000 rwxp 00000000 00:00 0 
45fff000-46000000 ---p 00000000 00:00 0 
46000000-460ff000 rwxp 00000000 00:00 0 
460ff000-46100000 ---p 00000000 00:00 0 
46100000-461ff000 rwxp 00000000 00:00 0 
461ff000-46200000 ---p 00000000 00:00 0 
46200000-462ff000 rwxp 00000000 00:00 0 
462ff000-46300000 ---p 00000000 00:00 0 
46300000-463ff000 rwxp 00000000 00:00 0 
463ff000-46400000 ---p 00000000 00:00 0 
46400000-464ff000 rwxp 00000000 00:00 0 
464ff000-46500000 ---p 00000000 00:00 0 
46500000-465ff000 rwxp 00000000 00:00 0 
465ff000-46600000 ---p 00000000 00:00 0 
46600000-466ff000 rwxp 00000000 00:00 0 
466ff000-46700000 ---p 00000000 00:00 0 
46700000-467ff000 rwxp 00000000 00:00 0 
467ff000-46800000 ---p 00000000 00:00 0 
46800000-468ff000 rwxp 00000000 00:00 0 
468ff000-46900000 ---p 00000000 00:00 0 
46900000-469ff000 rwxp 00000000 00:00 0 
469ff000-46a00000 ---p 00000000 00:00 0 
46a00000-46aff000 rwxp 00000000 00:00 0 
46aff000-46b00000 ---p 00000000 00:00 0 
46b00000-46bff000 rwxp 00000000 00:00 0 
46bff000-46c00000 ---p 00000000 00:00 0 
46c00000-46cff000 rwxp 00000000 00:00 0 
46cff000-46d00000 ---p 00000000 00:00 0 
46d00000-46dff000 rwxp 00000000 00:00 0 
46dff000-46e00000 ---p 00000000 00:00 0 
46e00000-46eff000 rwxp 00000000 00:00 0 
46eff000-46f00000 ---p 00000000 00:00 0 
46f00000-46fff000 rwxp 00000000 00:00 0 
46fff000-47000000 ---p 00000000 00:00 0 
47000000-470ff000 rwxp 00000000 00:00 0 
470ff000-47100000 ---p 00000000 00:00 0 
47100000-471ff000 rwxp 00000000 00:00 0 
471ff000-47200000 ---p 00000000 00:00 0 
47200000-472ff000 rwxp 00000000 00:00 0 
472ff000-47300000 ---p 00000000 00:00 0 
47300000-473ff000 rwxp 00000000 00:00 0 
473ff000-47400000 ---p 00000000 00:00 0 
47400000-474ff000 rwxp 00000000 00:00 0 
474ff000-47500000 ---p 00000000 00:00 0 
47500000-475ff000 rwxp 00000000 00:00 0 
475ff000-47600000 ---p 00000000 00:00 0 
47600000-476ff000 rwxp 00000000 00:00 0 
476ff000-47700000 ---p 00000000 00:00 0 
47700000-477ff000 rwxp 00000000 00:00 0 
477ff000-47800000 ---p 00000000 00:00 0 
47800000-478ff000 rwxp 00000000 00:00 0 
478ff000-47900000 ---p 00000000 00:00 0 
47900000-479ff000 rwxp 00000000 00:00 0 
479ff000-47a00000 ---p 00000000 00:00 0 
47a00000-47aff000 rwxp 00000000 00:00 0 
47aff000-47b00000 ---p 00000000 00:00 0 
47b00000-47bff000 rwxp 00000000 00:00 0 
47bff000-47c00000 ---p 00000000 00:00 0 
47c00000-47cff000 rwxp 00000000 00:00 0 
47cff000-47d00000 ---p 00000000 00:00 0 
47d00000-47dff000 rwxp 00000000 00:00 0 
47dff000-47e00000 ---p 00000000 00:00 0 
47e00000-47eff000 rwxp 00000000 00:00 0 
47eff000-47f00000 ---p 00000000 00:00 0 
47f00000-47fff000 rwxp 00000000 00:00 0 
47fff000-48000000 ---p 00000000 00:00 0 
48000000-480ff000 rwxp 00000000 00:00 0 
480ff000-48100000 ---p 00000000 00:00 0 
48100000-481ff000 rwxp 00000000 00:00 0 
481ff000-48200000 ---p 00000000 00:00 0 
48200000-483ff000 rwxp 00000000 00:00 0 
483ff000-48400000 ---p 00000000 00:00 0 
48400000-48600000 rwxp 00000000 00:00 0 
48600000-48800000 rwxp 00000000 00:00 0 
48800000-48a00000 rwxp 00000000 00:00 0 
48a00000-48c00000 rwxp 00000000 00:00 0 
48c00000-48e00000 rwxp 00000000 00:00 0 
48e00000-49000000 rwxp 00000000 00:00 0 
49000000-49100000 rwxp 00000000 00:00 0 
49100000-491ff000 rwxp 00000000 00:00 0 
491ff000-49200000 ---p 00000000 00:00 0 
49200000-49400000 rwxp 00000000 00:00 0 
49400000-494ff000 rwxp 00000000 00:00 0 
494ff000-49500000 ---p 00000000 00:00 0 
49500000-495ff000 rwxp 00000000 00:00 0 
495ff000-49600000 ---p 00000000 00:00 0 
49600000-496ff000 rwxp 00000000 00:00 0 
496ff000-49700000 ---p 00000000 00:00 0 
49700000-497ff000 rwxp 00000000 00:00 0 
497ff000-49800000 ---p 00000000 00:00 0 
49800000-498ff000 rwxp 00000000 00:00 0 
498ff000-49900000 ---p 00000000 00:00 0 
49900000-499ff000 rwxp 00000000 00:00 0 
499ff000-49a00000 ---p 00000000 00:00 0 
49a00000-49aff000 rwxp 00000000 00:00 0 
49aff000-49b00000 ---p 00000000 00:00 0 
49b00000-49bff000 rwxp 00000000 00:00 0 
49bff000-49c00000 ---p 00000000 00:00 0 
49c00000-49cff000 rwxp 00000000 00:00 0 
49cff000-49d00000 ---p 00000000 00:00 0 
49d00000-49dff000 rwxp 00000000 00:00 0 
49dff000-49e00000 ---p 00000000 00:00 0 
49e00000-49eff000 rwxp 00000000 00:00 0 
49eff000-49f00000 ---p 00000000 00:00 0 
49f00000-49fff000 rwxp 00000000 00:00 0 
49fff000-4a000000 ---p 00000000 00:00 0 
4a000000-4a0ff000 rwxp 00000000 00:00 0 
4a0ff000-4a100000 ---p 00000000 00:00 0 
4a100000-4a1ff000 rwxp 00000000 00:00 0 
4a1ff000-4a200000 ---p 00000000 00:00 0 
4a200000-4a2ff000 rwxp 00000000 00:00 0 
4a2ff000-4a300000 ---p 00000000 00:00 0 
4a300000-4a3ff000 rwxp 00000000 00:00 0 
4a3ff000-4a400000 ---p 00000000 00:00 0 
4a400000-4a4ff000 rwxp 00000000 00:00 0 
4a4ff000-4a500000 ---p 00000000 00:00 0 
4a500000-4a5ff000 rwxp 00000000 00:00 0 
4a5ff000-4a600000 ---p 00000000 00:00 0 
4a600000-4a6ff000 rwxp 00000000 00:00 0 
4a6ff000-4a700000 ---p 00000000 00:00 0 
4a700000-4a7ff000 rwxp 00000000 00:00 0 
4a7ff000-4a800000 ---p 00000000 00:00 0 
4a800000-4a8ff000 rwxp 00000000 00:00 0 
4a8ff000-4a900000 ---p 00000000 00:00 0 
4a900000-4a9ff000 rwxp 00000000 00:00 0 
4a9ff000-4aa00000 ---p 00000000 00:00 0 
4aa00000-4aaff000 rwxp 00000000 00:00 0 
4aaff000-4ab00000 ---p 00000000 00:00 0 
4ab00000-4abff000 rwxp 00000000 00:00 0 
4abff000-4ac00000 ---p 00000000 00:00 0 
4ac00000-4acff000 rwxp 00000000 00:00 0 
4acff000-4ad00000 ---p 00000000 00:00 0 
4ad00000-4adff000 rwxp 00000000 00:00 0 
4adff000-4ae00000 ---p 00000000 00:00 0 
4ae00000-4afff000 rwxp 00000000 00:00 0 
4afff000-4b000000 ---p 00000000 00:00 0 
4b000000-4b0ff000 rwxp 00000000 00:00 0 
4b0ff000-4b100000 ---p 00000000 00:00 0 
4b100000-4b1fd000 rwxp 00000000 00:00 0 
4b1fd000-4b200000 ---p 00000000 00:00 0 
4b200000-4b2ff000 rwxp 00000000 00:00 0 
4b2ff000-4b300000 ---p 00000000 00:00 0 
4b300000-4b3ff000 rwxp 00000000 00:00 0 
4b3ff000-4b400000 ---p 00000000 00:00 0 
4b400000-4b4ff000 rwxp 00000000 00:00 0 
4b4ff000-4b500000 ---p 00000000 00:00 0 
4b500000-4b5ff000 rwxp 00000000 00:00 0 
4b5ff000-4b600000 ---p 00000000 00:00 0 
4b600000-4b6ff000 rwxp 00000000 00:00 0 
4b6ff000-4b700000 ---p 00000000 00:00 0 
4b700000-4b7ff000 rwxp 00000000 00:00 0 
4b7ff000-4b800000 ---p 00000000 00:00 0 
4b800000-4b8ff000 rwxp 00000000 00:00 0 
4b8ff000-4b900000 ---p 00000000 00:00 0 
4b900000-4b9ff000 rwxp 00000000 00:00 0 
4b9ff000-4ba00000 ---p 00000000 00:00 0 
4ba00000-4baff000 rwxp 00000000 00:00 0 
4baff000-4bb00000 ---p 00000000 00:00 0 
4bb00000-4bbff000 rwxp 00000000 00:00 0 
4bbff000-4bc00000 ---p 00000000 00:00 0 
4bc00000-4bcff000 rwxp 00000000 00:00 0 
4bcff000-4bd00000 ---p 00000000 00:00 0 
4bd00000-4bdff000 rwxp 00000000 00:00 0 
4bdff000-4be00000 ---p 00000000 00:00 0 
4be00000-4beff000 rwxp 00000000 00:00 0 
4beff000-4bf00000 ---p 00000000 00:00 0 
4bf00000-4bfff000 rwxp 00000000 00:00 0 
4bfff000-4c000000 ---p 00000000 00:00 0 
4c000000-4c1ff000 rwxp 00000000 00:00 0 
4c1ff000-4c200000 ---p 00000000 00:00 0 
4c200000-4c400000 rwxp 00000000 00:00 0 
4c400000-4c600000 rwxp 00000000 00:00 0 
4c600000-4c800000 rwxp 00000000 00:00 0 
4c800000-4ca00000 rwxp 00000000 00:00 0 
4ca00000-4cc00000 rwxp 00000000 00:00 0 
4cc00000-4ce00000 rwxp 00000000 00:00 0 
4ce00000-4d000000 rwxp 00000000 00:00 0 
4d000000-4d200000 rwxp 00000000 00:00 0 
4d200000-4d400000 rwxp 00000000 00:00 0 
4d400000-4d600000 rwxp 00000000 00:00 0 
4d600000-4d800000 rwxp 00000000 00:00 0 
4d800000-4da00000 rwxp 00000000 00:00 0 
4da00000-4dc00000 rwxp 00000000 00:00 0 
4dc00000-4de00000 rwxp 00000000 00:00 0 
4de00000-4e000000 rwxp 00000000 00:00 0 
4e000000-4e200000 rwxp 00000000 00:00 0 
4e200000-4e400000 rwxp 00000000 00:00 0 
4e400000-4e600000 rwxp 00000000 00:00 0 
4e600000-4e800000 rwxp 00000000 00:00 0 
4e800000-4ea00000 rwxp 00000000 00:00 0 
4ea00000-4ec00000 rwxp 00000000 00:00 0 
4ec00000-4ee00000 rwxp 00000000 00:00 0 
4ee00000-4f000000 rwxp 00000000 00:00 0 
4f000000-4f200000 rwxp 00000000 00:00 0 
4f200000-4f400000 rwxp 00000000 00:00 0 
4f400000-4f600000 rwxp 00000000 00:00 0 
4f600000-4f800000 rwxp 00000000 00:00 0 
4f800000-4fa00000 rwxp 00000000 00:00 0 
4fa00000-4fc00000 rwxp 00000000 00:00 0 
4fc00000-4fe00000 rwxp 00000000 00:00 0 
4fe00000-50000000 rwxp 00000000 00:00 0 
50000000-50200000 rwxp 00000000 00:00 0 
50200000-50400000 rwxp 00000000 00:00 0 
50400000-50600000 rwxp 00000000 00:00 0 
50600000-50800000 rwxp 00000000 00:00 0 
50800000-50a00000 rwxp 00000000 00:00 0 
50a00000-50c00000 rwxp 00000000 00:00 0 
50c00000-50e00000 rwxp 00000000 00:00 0 
50e00000-51000000 rwxp 00000000 00:00 0 
51000000-51200000 rwxp 00000000 00:00 0 
51200000-51400000 rwxp 00000000 00:00 0 
51400000-51600000 rwxp 00000000 00:00 0 
51600000-51800000 rwxp 00000000 00:00 0 
51800000-51a00000 rwxp 00000000 00:00 0 
51a00000-51c00000 rwxp 00000000 00:00 0 
51c00000-51e00000 rwxp 00000000 00:00 0 
51e00000-52000000 rwxp 00000000 00:00 0 
52000000-52200000 rwxp 00000000 00:00 0 
52200000-52400000 rwxp 00000000 00:00 0 
52400000-52600000 rwxp 00000000 00:00 0 
52600000-52800000 rwxp 00000000 00:00 0 
52800000-52a00000 rwxp 00000000 00:00 0 
52a00000-52c00000 rwxp 00000000 00:00 0 
52c00000-52e00000 rwxp 00000000 00:00 0 
52e00000-53000000 rwxp 00000000 00:00 0 
53000000-53200000 rwxp 00000000 00:00 0 
53200000-53400000 rwxp 00000000 00:00 0 
53400000-53600000 rwxp 00000000 00:00 0 
53600000-53800000 rwxp 00000000 00:00 0 
53800000-53a00000 rwxp 00000000 00:00 0 
53a00000-53c00000 rwxp 00000000 00:00 0 
53c00000-53e00000 rwxp 00000000 00:00 0 
53e00000-54000000 rwxp 00000000 00:00 0 
54000000-54200000 rwxp 00000000 00:00 0 
54200000-54400000 rwxp 00000000 00:00 0 
54400000-54600000 rwxp 00000000 00:00 0 
54600000-54800000 rwxp 00000000 00:00 0 
54800000-54a00000 rwxp 00000000 00:00 0 
54a00000-54c00000 rwxp 00000000 00:00 0 
54c00000-54dff000 rwxp 00000000 00:00 0 
54dff000-54e00000 ---p 00000000 00:00 0 
54e00000-55000000 rwxp 00000000 00:00 0 
55000000-55200000 rwxp 00000000 00:00 0 
55200000-55400000 rwxp 00000000 00:00 0 
55400000-55600000 rwxp 00000000 00:00 0 
55600000-55800000 rwxp 00000000 00:00 0 
55800000-55a00000 rwxp 00000000 00:00 0 
55a00000-55c00000 rwxp 00000000 00:00 0 
55c00000-55e00000 rwxp 00000000 00:00 0 
55e00000-56000000 rwxp 00000000 00:00 0 
56000000-56200000 rwxp 00000000 00:00 0 
56200000-56400000 rwxp 00000000 00:00 0 
56400000-56600000 rwxp 00000000 00:00 0 
56600000-56800000 rwxp 00000000 00:00 0 
56800000-56a00000 rwxp 00000000 00:00 0 
56a00000-56c00000 rwxp 00000000 00:00 0 
56c00000-56cf9000 rwxp 00000000 00:00 0 
56cf9000-56d00000 ---p 00000000 00:00 0 
56d00000-56e00000 rwxp 00000000 00:00 0 
56e00000-56ef9000 rwxp 00000000 00:00 0 
56ef9000-56f00000 ---p 00000000 00:00 0 
56f00000-57000000 rwxp 00000000 00:00 0 
57000000-570f9000 rwxp 00000000 00:00 0 
570f9000-57100000 ---p 00000000 00:00 0 
57100000-571fe000 rwxp 00000000 00:00 0 
571fe000-57200000 ---p 00000000 00:00 0 
57200000-573fa000 rwxp 00000000 00:00 0 
573fa000-57400000 ---p 00000000 00:00 0 
57400000-57600000 rwxp 00000000 00:00 0 
57600000-57800000 rwxp 00000000 00:00 0 
57800000-57a00000 rwxp 00000000 00:00 0 
57a00000-57c00000 rwxp 00000000 00:00 0 
57c00000-57e00000 rwxp 00000000 00:00 0 
57e00000-58000000 rwxp 00000000 00:00 0 
58000000-58200000 rwxp 00000000 00:00 0 
58200000-58400000 rwxp 00000000 00:00 0 
58400000-58600000 rwxp 00000000 00:00 0 
58600000-58800000 rwxp 00000000 00:00 0 
58800000-58a00000 rwxp 00000000 00:00 0 
58a00000-58c00000 rwxp 00000000 00:00 0 
58c00000-58e00000 rwxp 00000000 00:00 0 
58e00000-59000000 rwxp 00000000 00:00 0 
59000000-59200000 rwxp 00000000 00:00 0 
59200000-59400000 rwxp 00000000 00:00 0 
59400000-59600000 rwxp 00000000 00:00 0 
59600000-59800000 rwxp 00000000 00:00 0 
59800000-59a00000 rwxp 00000000 00:00 0 
59a00000-59c00000 rwxp 00000000 00:00 0 
59c00000-59e00000 rwxp 00000000 00:00 0 
59e00000-5a000000 rwxp 00000000 00:00 0 
5a000000-5a200000 rwxp 00000000 00:00 0 
5a200000-5a400000 rwxp 00000000 00:00 0 
5a400000-5a600000 rwxp 00000000 00:00 0 
5a600000-5a800000 rwxp 00000000 00:00 0 
5a800000-5aa00000 rwxp 00000000 00:00 0 
5aa00000-5ac00000 rwxp 00000000 00:00 0 
5ac00000-5ae00000 rwxp 00000000 00:00 0 
5ae00000-5b000000 rwxp 00000000 00:00 0 
5b000000-5b200000 rwxp 00000000 00:00 0 
5b200000-5b400000 rwxp 00000000 00:00 0 
5b400000-5b600000 rwxp 00000000 00:00 0 
5b600000-5b800000 rwxp 00000000 00:00 0 
5b800000-5ba00000 rwxp 00000000 00:00 0 
5ba00000-5bc00000 rwxp 00000000 00:00 0 
5bc00000-5be00000 rwxp 00000000 00:00 0 
5be00000-5c000000 rwxp 00000000 00:00 0 
5c000000-5c200000 rwxp 00000000 00:00 0 
5c200000-5c400000 rwxp 00000000 00:00 0 
5c400000-5c600000 rwxp 00000000 00:00 0 
5c600000-5c800000 rwxp 00000000 00:00 0 
5c800000-5ca00000 rwxp 00000000 00:00 0 
5ca00000-5cc00000 rwxp 00000000 00:00 0 
5cc00000-5ce00000 rwxp 00000000 00:00 0 
5ce00000-5d000000 rwxp 00000000 00:00 0 
5d000000-5d200000 rwxp 00000000 00:00 0 
5d200000-5d400000 rwxp 00000000 00:00 0 
5d400000-5d600000 rwxp 00000000 00:00 0 
5d600000-5d800000 rwxp 00000000 00:00 0 
5d800000-5da00000 rwxp 00000000 00:00 0 
5da00000-5dc00000 rwxp 00000000 00:00 0 
5dc00000-5de00000 rwxp 00000000 00:00 0 
5de00000-5e000000 rwxp 00000000 00:00 0 
5e000000-5e200000 rwxp 00000000 00:00 0 
5e200000-5e400000 rwxp 00000000 00:00 0 
5e400000-5e600000 rwxp 00000000 00:00 0 
5e600000-5e800000 rwxp 00000000 00:00 0 
5e800000-5ea00000 rwxp 00000000 00:00 0 
5ea00000-5ec00000 rwxp 00000000 00:00 0 
5ec00000-5ee00000 rwxp 00000000 00:00 0 
5ee00000-5f000000 rwxp 00000000 00:00 0 
5f000000-5f200000 rwxp 00000000 00:00 0 
5f200000-5f400000 rwxp 00000000 00:00 0 
5f400000-5f600000 rwxp 00000000 00:00 0 
5f600000-5f800000 rwxp 00000000 00:00 0 
5f800000-5fa00000 rwxp 00000000 00:00 0 
5fa00000-5fc00000 rwxp 00000000 00:00 0 
5fc00000-5fe00000 rwxp 00000000 00:00 0 
5fe00000-60000000 rwxp 00000000 00:00 0 
60000000-60200000 rwxp 00000000 00:00 0 
60200000-60400000 rwxp 00000000 00:00 0 
60400000-60600000 rwxp 00000000 00:00 0 
60600000-60800000 rwxp 00000000 00:00 0 
60800000-60a00000 rwxp 00000000 00:00 0 
60a00000-60c00000 rwxp 00000000 00:00 0 
60c00000-60e00000 rwxp 00000000 00:00 0 
60e00000-61000000 rwxp 00000000 00:00 0 
61000000-61200000 rwxp 00000000 00:00 0 
61200000-61400000 rwxp 00000000 00:00 0 
61400000-61600000 rwxp 00000000 00:00 0 
61600000-61800000 rwxp 00000000 00:00 0 
61800000-61a00000 rwxp 00000000 00:00 0 
61a00000-61c00000 rwxp 00000000 00:00 0 
61c00000-61e00000 rwxp 00000000 00:00 0 
61e00000-62000000 rwxp 00000000 00:00 0 
62000000-62200000 rwxp 00000000 00:00 0 
62200000-62400000 rwxp 00000000 00:00 0 
62400000-62600000 rwxp 00000000 00:00 0 
62600000-62800000 rwxp 00000000 00:00 0 
62800000-62a00000 rwxp 00000000 00:00 0 
62a00000-62c00000 rwxp 00000000 00:00 0 
62c00000-62e00000 rwxp 00000000 00:00 0 
62e00000-63000000 rwxp 00000000 00:00 0 
63000000-63200000 rwxp 00000000 00:00 0 
63200000-63400000 rwxp 00000000 00:00 0 
63400000-63600000 rwxp 00000000 00:00 0 
63600000-63800000 rwxp 00000000 00:00 0 
63800000-63a00000 rwxp 00000000 00:00 0 
63a00000-63c00000 rwxp 00000000 00:00 0 
63c00000-63e00000 rwxp 00000000 00:00 0 
63e00000-64000000 rwxp 00000000 00:00 0 
64000000-64200000 rwxp 00000000 00:00 0 
64200000-64400000 rwxp 00000000 00:00 0 
64400000-64600000 rwxp 00000000 00:00 0 
64600000-64800000 rwxp 00000000 00:00 0 
64800000-64a00000 rwxp 00000000 00:00 0 
64a00000-64c00000 rwxp 00000000 00:00 0 
64c00000-64e00000 rwxp 00000000 00:00 0 
64e00000-65000000 rwxp 00000000 00:00 0 
65000000-65200000 rwxp 00000000 00:00 0 
65200000-65400000 rwxp 00000000 00:00 0 
65400000-65600000 rwxp 00000000 00:00 0 
65600000-65800000 rwxp 00000000 00:00 0 
65800000-65a00000 rwxp 00000000 00:00 0 
65a00000-65c00000 rwxp 00000000 00:00 0 
65c00000-65e00000 rwxp 00000000 00:00 0 
65e00000-66000000 rwxp 00000000 00:00 0 
66000000-66200000 rwxp 00000000 00:00 0 
66200000-66400000 rwxp 00000000 00:00 0 
66400000-66600000 rwxp 00000000 00:00 0 
66600000-66800000 rwxp 00000000 00:00 0 
66800000-66a00000 rwxp 00000000 00:00 0 
66a00000-66c00000 rwxp 00000000 00:00 0 
66c00000-66e00000 rwxp 00000000 00:00 0 
66e00000-67000000 rwxp 00000000 00:00 0 
67000000-67200000 rwxp 00000000 00:00 0 
67200000-67400000 rwxp 00000000 00:00 0 
67400000-67600000 rwxp 00000000 00:00 0 
67600000-67800000 rwxp 00000000 00:00 0 
67800000-67a00000 rwxp 00000000 00:00 0 
67a00000-67c00000 rwxp 00000000 00:00 0 
67c00000-67e00000 rwxp 00000000 00:00 0 
67e00000-68000000 rwxp 00000000 00:00 0 
68000000-68200000 rwxp 00000000 00:00 0 
68200000-68400000 rwxp 00000000 00:00 0 
68400000-68600000 rwxp 00000000 00:00 0 
68600000-68800000 rwxp 00000000 00:00 0 
68800000-68a00000 rwxp 00000000 00:00 0 
68a00000-68c00000 rwxp 00000000 00:00 0 
68c00000-68e00000 rwxp 00000000 00:00 0 
68e00000-69000000 rwxp 00000000 00:00 0 
69000000-69200000 rwxp 00000000 00:00 0 
69200000-69400000 rwxp 00000000 00:00 0 
69400000-69600000 rwxp 00000000 00:00 0 
69600000-69800000 rwxp 00000000 00:00 0 
69800000-69a00000 rwxp 00000000 00:00 0 
69a00000-69c00000 rwxp 00000000 00:00 0 
69c00000-69e00000 rwxp 00000000 00:00 0 
69e00000-6a000000 rwxp 00000000 00:00 0 
6a000000-6a200000 rwxp 00000000 00:00 0 
6a200000-6a400000 rwxp 00000000 00:00 0 
6a400000-6a600000 rwxp 00000000 00:00 0 
6a600000-6a800000 rwxp 00000000 00:00 0 
6a800000-6aa00000 rwxp 00000000 00:00 0 
6aa00000-6ac00000 rwxp 00000000 00:00 0 
6ac00000-6ae00000 rwxp 00000000 00:00 0 
6ae00000-6b000000 rwxp 00000000 00:00 0 
6b000000-6b200000 rwxp 00000000 00:00 0 
6b200000-6b400000 rwxp 00000000 00:00 0 
6b400000-6b600000 rwxp 00000000 00:00 0 
6b600000-6b800000 rwxp 00000000 00:00 0 
6b800000-6ba00000 rwxp 00000000 00:00 0 
6ba00000-6bc00000 rwxp 00000000 00:00 0 
6bc00000-6be00000 rwxp 00000000 00:00 0 
6be00000-6c000000 rwxp 00000000 00:00 0 
6c000000-6c200000 rwxp 00000000 00:00 0 
6c200000-6c400000 rwxp 00000000 00:00 0 
6c400000-6c600000 rwxp 00000000 00:00 0 
6c600000-6c800000 rwxp 00000000 00:00 0 
6c800000-6ca00000 rwxp 00000000 00:00 0 
6ca00000-6cc00000 rwxp 00000000 00:00 0 
6cc00000-6ce00000 rwxp 00000000 00:00 0 
6ce00000-6d000000 rwxp 00000000 00:00 0 
6d000000-6d200000 rwxp 00000000 00:00 0 
6d200000-6d400000 rwxp 00000000 00:00 0 
6d400000-6d600000 rwxp 00000000 00:00 0 
6d600000-6d800000 rwxp 00000000 00:00 0 
6d800000-6da00000 rwxp 00000000 00:00 0 
6da00000-6dc00000 rwxp 00000000 00:00 0 
6dc00000-6de00000 rwxp 00000000 00:00 0 
6de00000-6e000000 rwxp 00000000 00:00 0 
6e000000-6e200000 rwxp 00000000 00:00 0 
6e200000-6e400000 rwxp 00000000 00:00 0 
6e400000-6e600000 rwxp 00000000 00:00 0 
6e600000-6e800000 rwxp 00000000 00:00 0 
6e800000-6ea00000 rwxp 00000000 00:00 0 
6ea00000-6ec00000 rwxp 00000000 00:00 0 
6ec00000-6ee00000 rwxp 00000000 00:00 0 
6ee00000-6f000000 rwxp 00000000 00:00 0 
6f000000-6f200000 rwxp 00000000 00:00 0 
6f200000-6f400000 rwxp 00000000 00:00 0 
6f400000-6f600000 rwxp 00000000 00:00 0 
6f600000-6f800000 rwxp 00000000 00:00 0 
6f800000-6fa00000 rwxp 00000000 00:00 0 
6fa00000-6fc00000 rwxp 00000000 00:00 0 
6fc00000-6fe00000 rwxp 00000000 00:00 0 
6fe00000-6fefd000 rwxp 00000000 00:00 0 
6fefd000-6ff00000 ---p 00000000 00:00 0 
6ff00000-70000000 rwxp 00000000 00:00 0 
70000000-700f7000 rwxp 00000000 00:00 0 
700f7000-70100000 ---p 00000000 00:00 0 
70100000-70200000 rwxp 00000000 00:00 0 
70200000-703fa000 rwxp 00000000 00:00 0 
703fa000-70400000 ---p 00000000 00:00 0 
70400000-704f2000 rwxp 00000000 00:00 0 
704f2000-70500000 ---p 00000000 00:00 0 
70501000-705f9000 rwxp 00000000 00:00 0 
705f9000-709f9000 rwxs 122973000 00:05 4146      /dev/dri/card0
709f9000-70df9000 rwxs 122573000 00:05 4146      /dev/dri/card0
70df9000-722fe000 rwxp 00000000 00:00 0 
722fe000-726fe000 rwxs 122173000 00:05 4146      /dev/dri/card0
726fe000-72700000 rwxp 00000000 00:00 0 
72700000-727fa000 rwxp 00000000 00:00 0 
727fa000-72800000 ---p 00000000 00:00 0 
72800000-72900000 rwxp 00000000 00:00 0 
72900000-729f9000 rwxp 00000000 00:00 0 
729f9000-72a00000 ---p 00000000 00:00 0 
72a00000-72aff000 rwxp 00000000 00:00 0 
72aff000-72b00000 ---p 00000000 00:00 0 
72b00000-72bfc000 rwxp 00000000 00:00 0 
72bfc000-72c00000 ---p 00000000 00:00 0 
72c00000-72d00000 rwxp 00000000 00:00 0 
72d00000-72dfa000 rwxp 00000000 00:00 0 
72dfa000-72e00000 ---p 00000000 00:00 0 
72e01000-72e17000 rwxp 00000000 00:00 0 
72e17000-72e1f000 rwxs 121bab000 00:05 4146      /dev/dri/card0
72e1f000-72e23000 rwxp 00000000 00:00 0 
72e27000-72e47000 rwxs 121ecf000 00:05 4146      /dev/dri/card0
72e47000-72e4f000 rwxs 12181e000 00:05 4146      /dev/dri/card0
72e4f000-72e57000 rwxp 00000000 00:00 0 
72e57000-72e5f000 rwxs 121816000 00:05 4146      /dev/dri/card0
72e5f000-72e67000 rwxs 12180e000 00:05 4146      /dev/dri/card0
72e67000-72e6f000 rwxs 121f5f000 00:05 4146      /dev/dri/card0
72e6f000-72e77000 rwxs 121f9f000 00:05 4146      /dev/dri/card0
72e77000-72e7f000 rwxs 121f57000 00:05 4146      /dev/dri/card0
72e7f000-72e87000 rwxs 121f4f000 00:05 4146      /dev/dri/card0
72e87000-72e8f000 rwxs 121f47000 00:05 4146      /dev/dri/card0
72e8f000-72e92000 r-xp 00000000 08:03 3934275    /usr/lib/jni/libjinput-linux.so
72e92000-72e93000 r-xp 00002000 08:03 3934275    /usr/lib/jni/libjinput-linux.so
72e93000-72e94000 rwxp 00003000 08:03 3934275    /usr/lib/jni/libjinput-linux.so
72e94000-72e99000 r-xs 00030000 08:03 1204318    /home/halcat/projects/act/lib/jinput.jar
72e99000-73000000 rwxp 00000000 00:00 0 
73000000-730f9000 rwxp 00000000 00:00 0 
730f9000-73100000 ---p 00000000 00:00 0 
73100000-731f9000 rwxp 00000000 00:00 0 
731f9000-73200000 ---p 00000000 00:00 0 
73200000-732f9000 rwxp 00000000 00:00 0 
732f9000-73300000 ---p 00000000 00:00 0 
73300000-73308000 rwxs 121826000 00:05 4146      /dev/dri/card0
73308000-73310000 rwxs 121f97000 00:05 4146      /dev/dri/card0
73310000-73318000 rwxs 121f8f000 00:05 4146      /dev/dri/card0
73318000-73320000 rwxs 121f87000 00:05 4146      /dev/dri/card0
73320000-73328000 rwxs 121f7f000 00:05 4146      /dev/dri/card0
73328000-73330000 rwxs 121f77000 00:05 4146      /dev/dri/card0
73330000-73338000 rwxs 121f6f000 00:05 4146      /dev/dri/card0
73338000-73340000 rwxs 121fb3000 00:05 4146      /dev/dri/card0
73340000-73348000 rwxs 121fab000 00:05 4146      /dev/dri/card0
73348000-73376000 r-xp 00000000 08:03 3677944    /usr/lib/jvm/java-6-openjdk/jre/lib/i386/liblcms.so
73376000-73377000 r-xp 0002d000 08:03 3677944    /usr/lib/jvm/java-6-openjdk/jre/lib/i386/liblcms.so
73377000-73378000 rwxp 0002e000 08:03 3677944    /usr/lib/jvm/java-6-openjdk/jre/lib/i386/liblcms.so
73378000-736dd000 rwxp 00000000 00:00 0 
736dd000-736e5000 r-xp 00000000 08:03 788799     /lib/libdrm_intel.so.1.0.0
736e5000-736e6000 r-xp 00008000 08:03 788799     /lib/libdrm_intel.so.1.0.0
736e6000-736e7000 rwxp 00009000 08:03 788799     /lib/libdrm_intel.so.1.0.0
736e7000-73984000 r-xp 00000000 08:03 2888885    /usr/lib/dri/i965_dri.so
73984000-73989000 r-xp 0029c000 08:03 2888885    /usr/lib/dri/i965_dri.so
73989000-7398c000 rwxp 002a1000 08:03 2888885    /usr/lib/dri/i965_dri.so
7398c000-7399b000 rwxp 00000000 00:00 0 
7399b000-739f5000 r-xp 00000000 08:03 2888607    /usr/lib/mesa/libGL.so.1.2
739f5000-739fa000 r-xp 00059000 08:03 2888607    /usr/lib/mesa/libGL.so.1.2
739fa000-739ff000 rwxp 0005e000 08:03 2888607    /usr/lib/mesa/libGL.so.1.2
739ff000-73a00000 rwxp 00000000 00:00 0 
73a00000-73aff000 rwxp 00000000 00:00 0 
73aff000-73b00000 ---p 00000000 00:00 0 
73b01000-73b07000 rwxp 00000000 00:00 0 
73b07000-73b2b000 r-xp 00000000 08:03 788807     /lib/libexpat.so.1.5.2
73b2b000-73b2d000 r-xp 00024000 08:03 788807     /lib/libexpat.so.1.5.2
73b2d000-73b2e000 rwxp 00026000 08:03 788807     /lib/libexpat.so.1.5.2
73b2e000-73b88000 r-xp 00000000 08:03 3934276    /usr/lib/jni/liblwjgl.so
73b88000-73b89000 ---p 0005a000 08:03 3934276    /usr/lib/jni/liblwjgl.so
73b89000-73b8a000 r-xp 0005a000 08:03 3934276    /usr/lib/jni/liblwjgl.so
73b8a000-73b8b000 rwxp 0005b000 08:03 3934276    /usr/lib/jni/liblwjgl.so
73b8b000-73b8e000 ---p 00000000 00:00 0 
73b8e000-73bdc000 rwxp 00000000 00:00 0 
73bdc000-73bdf000 ---p 00000000 00:00 0 
73bdf000-73c2d000 rwxp 00000000 00:00 0 
73c2d000-73c2e000 r-xs 00000000 08:03 3448667    /var/cache/fontconfig/c05880de57d1f5e948fdfacc138775d9-le32d4.cache-3
73c2e000-73c34000 r-xs 00000000 08:03 3407944    /var/cache/fontconfig/945677eb7aeaf62f1d50efc3fb3ec7d8-le32d4.cache-3
73c34000-73c36000 r-xs 00000000 08:03 3448665    /var/cache/fontconfig/99e8ed0e538f840c565b6ed5dad60d56-le32d4.cache-3
73c36000-73c39000 r-xs 00000000 08:03 3448664    /var/cache/fontconfig/e383d7ea5fbe662a33d9b44caf393297-le32d4.cache-3
73c39000-73c3f000 r-xs 00000000 08:03 3448663    /var/cache/fontconfig/401a5dd6b567794a1d18dd9342dfa604-le32d4.cache-3
73c3f000-73c42000 r-xs 00000000 08:03 3448661    /var/cache/fontconfig/6eb3985aa4124903f6ff08ba781cd364-le32d4.cache-3
73c42000-73c45000 r-xs 00000000 08:03 3448658    /var/cache/fontconfig/8f759066ac2c31f53f4ee102f53b483d-le32d4.cache-3
73c45000-73c49000 r-xs 00000000 08:03 3448657    /var/cache/fontconfig/a755afe4a08bf5b97852ceb7400b47bc-le32d4.cache-3
73c49000-73c4d000 r-xs 00000000 08:03 3448656    /var/cache/fontconfig/515ca1ebc4b18308bea979be5704f9db-le32d4.cache-3
73c4d000-73c54000 r-xs 00000000 08:03 3448655    /var/cache/fontconfig/6d41288fd70b0be22e8c3a91e032eec0-le32d4.cache-3
73c54000-73c5f000 r-xs 00000000 08:03 3448654    /var/cache/fontconfig/0f34bcd4b6ee430af32735b75db7f02b-le32d4.cache-3
73c5f000-73c81000 r-xs 00000000 08:03 3448651    /var/cache/fontconfig/365b55f210c0a22e9a19e35191240f32-le32d4.cache-3
73c86000-73c8a000 rwxs 121fa7000 00:05 4146      /dev/dri/card0
73c8a000-73c93000 r-xp 00000000 08:03 788797     /lib/libdrm.so.2.4.0
73c93000-73c94000 r-xp 00008000 08:03 788797     /lib/libdrm.so.2.4.0
73c94000-73c95000 rwxp 00009000 08:03 788797     /lib/libdrm.so.2.4.0
73c95000-73c99000 rwxp 00000000 00:00 0 
73c99000-73c9d000 rwxs 121adb000 00:05 4146      /dev/dri/card0
73c9d000-73ca6000 r-xp 00000000 08:03 3677941    /usr/lib/jvm/java-6-openjdk/jre/lib/i386/libjpeg.so
73ca6000-73ca7000 r-xp 00008000 08:03 3677941    /usr/lib/jvm/java-6-openjdk/jre/lib/i386/libjpeg.so
73ca7000-73ca8000 rwxp 00009000 08:03 3677941    /usr/lib/jvm/java-6-openjdk/jre/lib/i386/libjpeg.so
73ca8000-73ca9000 r-xs 00000000 08:03 3448667    /var/cache/fontconfig/c05880de57d1f5e948fdfacc138775d9-le32d4.cache-3
73ca9000-73caf000 r-xs 00000000 08:03 3407944    /var/cache/fontconfig/945677eb7aeaf62f1d50efc3fb3ec7d8-le32d4.cache-3
73caf000-73cb1000 r-xs 00000000 08:03 3448665    /var/cache/fontconfig/99e8ed0e538f840c565b6ed5dad60d56-le32d4.cache-3
73cb1000-73cb4000 r-xs 00000000 08:03 3448664    /var/cache/fontconfig/e383d7ea5fbe662a33d9b44caf393297-le32d4.cache-3
73cb4000-73cba000 r-xs 00000000 08:03 3448663    /var/cache/fontconfig/401a5dd6b567794a1d18dd9342dfa604-le32d4.cache-3
73cba000-73cbb000 r-xs 00000000 08:03 3448662    /var/cache/fontconfig/e7071f4a29fa870f4323321c154eba04-le32d4.cache-3
73cbb000-73cbe000 r-xs 00000000 08:03 3448661    /var/cache/fontconfig/6eb3985aa4124903f6ff08ba781cd364-le32d4.cache-3
73cbe000-73cc1000 r-xs 00000000 08:03 3448658    /var/cache/fontconfig/8f759066ac2c31f53f4ee102f53b483d-le32d4.cache-3
73cc1000-73cc5000 r-xs 00000000 08:03 3448657    /var/cache/fontconfig/a755afe4a08bf5b97852ceb7400b47bc-le32d4.cache-3
73cc5000-73cc9000 r-xs 00000000 08:03 3448656    /var/cache/fontconfig/515ca1ebc4b18308bea979be5704f9db-le32d4.cache-3
73cc9000-73cd0000 r-xs 00000000 08:03 3448655    /var/cache/fontconfig/6d41288fd70b0be22e8c3a91e032eec0-le32d4.cache-3
73cd0000-73cdb000 r-xs 00000000 08:03 3448654    /var/cache/fontconfig/0f34bcd4b6ee430af32735b75db7f02b-le32d4.cache-3
73cdb000-73cfd000 r-xs 00000000 08:03 3448651    /var/cache/fontconfig/365b55f210c0a22e9a19e35191240f32-le32d4.cache-3
73cfd000-73d05000 r-xs 00000000 08:03 3448650    /var/cache/fontconfig/d52a8644073d54c13679302ca1180695-le32d4.cache-3
73d05000-73d0d000 r-xs 00000000 08:03 3407948    /var/cache/fontconfig/e13b20fdb08344e0e664864cc2ede53d-le32d4.cache-3
73d0e000-73d0f000 r-xs 00000000 08:03 3448662    /var/cache/fontconfig/e7071f4a29fa870f4323321c154eba04-le32d4.cache-3
73d0f000-73d10000 r-xs 00000000 08:03 3448660    /var/cache/fontconfig/4c73fe0c47614734b17d736dbde7580a-le32d4.cache-3
73d10000-73d11000 r-xs 00000000 08:03 3448659    /var/cache/fontconfig/0d8c3b2ac0904cb8a57a757ad11a4a08-le32d4.cache-3
73d11000-73d19000 r-xs 00000000 08:03 3448650    /var/cache/fontconfig/d52a8644073d54c13679302ca1180695-le32d4.cache-3
73d19000-73d21000 r-xs 00000000 08:03 3407948    /var/cache/fontconfig/e13b20fdb08344e0e664864cc2ede53d-le32d4.cache-3
73d22000-73d24000 rwxp 00000000 00:00 0 
73d24000-73d26000 r-xp 00000000 08:03 2886460    /usr/lib/libXdamage.so.1.1.0
73d26000-73d27000 r-xp 00001000 08:03 2886460    /usr/lib/libXdamage.so.1.1.0
73d27000-73d28000 rwxp 00002000 08:03 2886460    /usr/lib/libXdamage.so.1.1.0
73d28000-73d2c000 r-xp 00000000 08:03 2886466    /usr/lib/libXfixes.so.3.1.0
73d2c000-73d2d000 r-xp 00003000 08:03 2886466    /usr/lib/libXfixes.so.3.1.0
73d2d000-73d2e000 rwxp 00004000 08:03 2886466    /usr/lib/libXfixes.so.3.1.0
73d2e000-73d36000 r-xp 00000000 08:03 2886458    /usr/lib/libXcursor.so.1.0.2
73d36000-73d37000 r-xp 00007000 08:03 2886458    /usr/lib/libXcursor.so.1.0.2
73d37000-73d38000 rwxp 00008000 08:03 2886458    /usr/lib/libXcursor.so.1.0.2
73d39000-73d3d000 r-xp 00000000 08:03 2886504    /usr/lib/libXxf86vm.so.1.0.0
73d3d000-73d3e000 r-xp 00003000 08:03 2886504    /usr/lib/libXxf86vm.so.1.0.0
73d3e000-73d3f000 rwxp 00004000 08:03 2886504    /usr/lib/libXxf86vm.so.1.0.0
73d3f000-73d40000 r-xp 00000000 08:03 3677939    /usr/lib/jvm/java-6-openjdk/jre/lib/i386/libjawt.so
73d40000-73d41000 r-xp 00000000 08:03 3677939    /usr/lib/jvm/java-6-openjdk/jre/lib/i386/libjawt.so
73d41000-73d42000 rwxp 00001000 08:03 3677939    /usr/lib/jvm/java-6-openjdk/jre/lib/i386/libjawt.so
73d42000-73d48000 r-xp 00000000 08:03 2886484    /usr/lib/libXrandr.so.2.2.0
73d48000-73d49000 r-xp 00005000 08:03 2886484    /usr/lib/libXrandr.so.2.2.0
73d49000-73d4a000 rwxp 00006000 08:03 2886484    /usr/lib/libXrandr.so.2.2.0
73d4a000-73d4b000 r-xp 00000000 00:00 0 
73d4b000-73d51000 r-xs 000fc000 08:03 3677915    /usr/lib/jvm/java-6-openjdk/jre/lib/resources.jar
73d51000-73d52000 r-xs 00000000 08:03 3448646    /var/cache/fontconfig/6a53c69dea097a2d716e069445527da8-le32d4.cache-3
73d52000-73d57000 r-xs 00000000 08:03 3448653    /var/cache/fontconfig/d60319d88cac85ba9e1a07bd06cfbb8c-le32d4.cache-3
73d57000-73d58000 r-xs 00000000 08:03 3448652    /var/cache/fontconfig/4794a0821666d79190d59a36cb4f44b5-le32d4.cache-3
73d58000-73d5c000 r-xs 00000000 08:03 3407949    /var/cache/fontconfig/7ef2298fde41cc6eeb7af42e48b7d293-le32d4.cache-3
73d5c000-73d64000 r-xs 00000000 08:03 3415230    /home/halcat/.fontconfig/e9e3085e54f906bc80aa40462f628cf5-le32d4.cache-3
73d64000-73d67000 ---p 00000000 00:00 0 
73d67000-73db5000 rwxp 00000000 00:00 0 
73db5000-73dd2000 r-xp 00000000 08:03 788814     /lib/libgcc_s.so.1
73dd2000-73dd3000 r-xp 0001c000 08:03 788814     /lib/libgcc_s.so.1
73dd3000-73dd4000 rwxp 0001d000 08:03 788814     /lib/libgcc_s.so.1
73dd4000-73e45000 r-xp 00000000 08:03 2884098    /usr/lib/libfreetype.so.6.3.22
73e45000-73e49000 r-xp 00070000 08:03 2884098    /usr/lib/libfreetype.so.6.3.22
73e49000-73e4a000 rwxp 00074000 08:03 2884098    /usr/lib/libfreetype.so.6.3.22
73e4a000-73e8e000 r-xp 00000000 08:03 3677930    /usr/lib/jvm/java-6-openjdk/jre/lib/i386/libfontmanager.so
73e8e000-73e90000 r-xp 00043000 08:03 3677930    /usr/lib/jvm/java-6-openjdk/jre/lib/i386/libfontmanager.so
73e90000-73e91000 rwxp 00045000 08:03 3677930    /usr/lib/jvm/java-6-openjdk/jre/lib/i386/libfontmanager.so
73e91000-73e96000 rwxp 00000000 00:00 0 
73e96000-73e9a000 r-xp 00000000 08:03 2886462    /usr/lib/libXdmcp.so.6.0.0
73e9a000-73e9b000 r-xp 00003000 08:03 2886462    /usr/lib/libXdmcp.so.6.0.0
73e9b000-73e9c000 rwxp 00004000 08:03 2886462    /usr/lib/libXdmcp.so.6.0.0
73e9c000-73e9e000 r-xp 00000000 08:03 2886451    /usr/lib/libXau.so.6.0.0
73e9e000-73e9f000 r-xp 00001000 08:03 2886451    /usr/lib/libXau.so.6.0.0
73e9f000-73ea0000 rwxp 00002000 08:03 2886451    /usr/lib/libXau.so.6.0.0
73ea0000-73eb8000 r-xp 00000000 08:03 2887458    /usr/lib/libxcb.so.1.1.0
73eb8000-73eb9000 r-xp 00017000 08:03 2887458    /usr/lib/libxcb.so.1.1.0
73eb9000-73eba000 rwxp 00018000 08:03 2887458    /usr/lib/libxcb.so.1.1.0
73eba000-73ec6000 r-xp 00000000 08:03 2886472    /usr/lib/libXi.so.6.1.0
73ec6000-73ec7000 r-xp 0000c000 08:03 2886472    /usr/lib/libXi.so.6.1.0
73ec7000-73ec8000 rwxp 0000d000 08:03 2886472    /usr/lib/libXi.so.6.1.0
73ec8000-73ecc000 r-xp 00000000 08:03 2886492    /usr/lib/libXtst.so.6.1.0
73ecc000-73ecd000 r-xp 00003000 08:03 2886492    /usr/lib/libXtst.so.6.1.0
73ecd000-73ece000 rwxp 00004000 08:03 2886492    /usr/lib/libXtst.so.6.1.0
73ece000-73ed6000 r-xp 00000000 08:03 2886486    /usr/lib/libXrender.so.1.3.0
73ed6000-73ed7000 r-xp 00007000 08:03 2886486    /usr/lib/libXrender.so.1.3.0
73ed7000-73ed8000 rwxp 00008000 08:03 2886486    /usr/lib/libXrender.so.1.3.0
73ed8000-73ff1000 r-xp 00000000 08:03 2886447    /usr/lib/libX11.so.6.3.0
73ff1000-73ff2000 r-xp 00118000 08:03 2886447    /usr/lib/libX11.so.6.3.0
73ff2000-73ff4000 rwxp 00119000 08:03 2886447    /usr/lib/libX11.so.6.3.0
73ff4000-73ff5000 rwxp 00000000 00:00 0 
73ff5000-74003000 r-xp 00000000 08:03 2886464    /usr/lib/libXext.so.6.4.0
74003000-74004000 r-xp 0000d000 08:03 2886464    /usr/lib/libXext.so.6.4.0
74004000-74005000 rwxp 0000e000 08:03 2886464    /usr/lib/libXext.so.6.4.0
74005000-74006000 r-xs 00000000 08:03 3448660    /var/cache/fontconfig/4c73fe0c47614734b17d736dbde7580a-le32d4.cache-3
74006000-74007000 r-xs 00000000 08:03 3448659    /var/cache/fontconfig/0d8c3b2ac0904cb8a57a757ad11a4a08-le32d4.cache-3
74007000-7400c000 r-xs 00000000 08:03 3448653    /var/cache/fontconfig/d60319d88cac85ba9e1a07bd06cfbb8c-le32d4.cache-3
7400c000-74010000 r-xs 00000000 08:03 3407949    /var/cache/fontconfig/7ef2298fde41cc6eeb7af42e48b7d293-le32d4.cache-3
74010000-74018000 r-xs 00000000 08:03 3415230    /home/halcat/.fontconfig/e9e3085e54f906bc80aa40462f628cf5-le32d4.cache-3
74018000-7405d000 r-xp 00000000 08:03 3670258    /usr/lib/jvm/java-6-openjdk/jre/lib/i386/xawt/libmawt.so
7405d000-7405e000 r-xp 00044000 08:03 3670258    /usr/lib/jvm/java-6-openjdk/jre/lib/i386/xawt/libmawt.so
7405e000-74060000 rwxp 00045000 08:03 3670258    /usr/lib/jvm/java-6-openjdk/jre/lib/i386/xawt/libmawt.so
74060000-74061000 rwxp 00000000 00:00 0 
74061000-740e6000 r-xp 00000000 08:03 3677928    /usr/lib/jvm/java-6-openjdk/jre/lib/i386/libawt.so
740e6000-740e7000 r-xp 00084000 08:03 3677928    /usr/lib/jvm/java-6-openjdk/jre/lib/i386/libawt.so
740e7000-740ed000 rwxp 00085000 08:03 3677928    /usr/lib/jvm/java-6-openjdk/jre/lib/i386/libawt.so
740ed000-74112000 rwxp 00000000 00:00 0 
74112000-74116000 r-xs 0007c000 08:03 3677909    /usr/lib/jvm/java-6-openjdk/jre/lib/jsse.jar
74116000-74123000 r-xs 000ce000 08:03 1204354    /home/halcat/projects/act/lib/scala-swing.jar
74123000-74126000 r-xs 0001d000 08:03 1204332    /home/halcat/projects/act/lib/lwjgl_util.jar
74126000-74127000 r-xs 00001000 08:03 1204302    /home/halcat/projects/act/lib/game_2.8.0-1.0.jar
74127000-74186000 r-xs 005d3000 08:03 1065946    /home/halcat/projects/act/project/boot/scala-2.8.1/lib/scala-library.jar
74186000-74221000 r-xs 007f7000 08:03 1065947    /home/halcat/projects/act/project/boot/scala-2.8.1/lib/scala-compiler.jar
74221000-7422d000 r-xs 000c8000 08:03 1204327    /home/halcat/projects/act/lib/lwjgl.jar
7422d000-74230000 r-xs 0000f000 08:03 3677898    /usr/lib/jvm/java-6-openjdk/jre/lib/ext/pulse-java.jar
74230000-74239000 r-xs 00065000 08:03 3017053    /usr/share/java/gnome-java-bridge.jar
74239000-7423a000 ---p 00000000 00:00 0 
7423a000-742ba000 rwxp 00000000 00:00 0 
742ba000-742bd000 ---p 00000000 00:00 0 
742bd000-7430b000 rwxp 00000000 00:00 0 
7430b000-7430e000 ---p 00000000 00:00 0 
7430e000-7438c000 rwxp 00000000 00:00 0 
7438c000-7438f000 ---p 00000000 00:00 0 
7438f000-7440d000 rwxp 00000000 00:00 0 
7440d000-74410000 ---p 00000000 00:00 0 
74410000-7445e000 rwxp 00000000 00:00 0 
7445e000-74461000 ---p 00000000 00:00 0 
74461000-744af000 rwxp 00000000 00:00 0 
744af000-744b2000 ---p 00000000 00:00 0 
744b2000-74500000 rwxp 00000000 00:00 0 
74500000-745fe000 rwxp 00000000 00:00 0 
745fe000-74600000 ---p 00000000 00:00 0 
74600000-74601000 r-xs 00000000 08:03 3448646    /var/cache/fontconfig/6a53c69dea097a2d716e069445527da8-le32d4.cache-3
74601000-74604000 r-xp 00000000 08:03 3677929    /usr/lib/jvm/java-6-openjdk/jre/lib/i386/libdt_socket.so
74604000-74605000 r-xp 00002000 08:03 3677929    /usr/lib/jvm/java-6-openjdk/jre/lib/i386/libdt_socket.so
74605000-74606000 rwxp 00003000 08:03 3677929    /usr/lib/jvm/java-6-openjdk/jre/lib/i386/libdt_socket.so
74606000-74609000 ---p 00000000 00:00 0 
74609000-74657000 rwxp 00000000 00:00 0 
74657000-7465a000 ---p 00000000 00:00 0 
7465a000-746a8000 rwxp 00000000 00:00 0 
746a8000-746ab000 ---p 00000000 00:00 0 
746ab000-746f9000 rwxp 00000000 00:00 0 
746f9000-746fa000 ---p 00000000 00:00 0 
746fa000-7477a000 rwxp 00000000 00:00 0 
7477a000-7477c000 r-xs 0001d000 08:03 3677914    /usr/lib/jvm/java-6-openjdk/jre/lib/plugin.jar
7477c000-74781000 r-xs 00044000 08:03 3677913    /usr/lib/jvm/java-6-openjdk/jre/lib/netx.jar
74781000-747b3000 rwxp 00000000 00:00 0 
747b3000-74942000 r-xs 038bb000 08:03 3677921    /usr/lib/jvm/java-6-openjdk/jre/lib/rt.jar
74942000-74943000 ---p 00000000 00:00 0 
74943000-749c3000 rwxp 00000000 00:00 0 
749c3000-749c4000 ---p 00000000 00:00 0 
749c4000-74a44000 rwxp 00000000 00:00 0 
74a44000-74a45000 ---p 00000000 00:00 0 
74a45000-74ac5000 rwxp 00000000 00:00 0 
74ac5000-74ac6000 ---p 00000000 00:00 0 
74ac6000-74b53000 rwxp 00000000 00:00 0 
74b53000-74b86000 rwxp 00000000 00:00 0 
74b86000-74bbf000 rwxp 00000000 00:00 0 
74bbf000-74caa000 rwxp 00000000 00:00 0 
74caa000-74cb7000 rwxp 00000000 00:00 0 
74cb7000-74cea000 rwxp 00000000 00:00 0 
74cea000-74d23000 rwxp 00000000 00:00 0 
74d23000-74e0d000 rwxp 00000000 00:00 0 
74e0d000-74e9f000 rwxp 00000000 00:00 0 
74e9f000-76760000 rwxp 00000000 00:00 0 
76760000-768a0000 ---p 00000000 00:00 0 
768a0000-7cea0000 rwxp 00000000 00:00 0 
7cea0000-83f80000 rwxp 00000000 00:00 0 
83f80000-a1550000 rwxp 00000000 00:00 0 
a1550000-b38a0000 rwxp 00000000 00:00 0 
b38a0000-b38a9000 rwxp 00000000 00:00 0 
b38a9000-b3960000 rwxp 00000000 00:00 0 
b3960000-b3ba0000 rwxp 00000000 00:00 0 
b3ba0000-b6960000 rwxp 00000000 00:00 0 
b6960000-b696a000 r-xp 00000000 08:03 793227     /lib/tls/i686/cmov/libnss_files-2.11.1.so
b696a000-b696b000 r-xp 00009000 08:03 793227     /lib/tls/i686/cmov/libnss_files-2.11.1.so
b696b000-b696c000 rwxp 0000a000 08:03 793227     /lib/tls/i686/cmov/libnss_files-2.11.1.so
b696c000-b6974000 r-xp 00000000 08:03 793254     /lib/tls/i686/cmov/libnss_nis-2.11.1.so
b6974000-b6975000 r-xp 00007000 08:03 793254     /lib/tls/i686/cmov/libnss_nis-2.11.1.so
b6975000-b6976000 rwxp 00008000 08:03 793254     /lib/tls/i686/cmov/libnss_nis-2.11.1.so
b6976000-b697c000 r-xp 00000000 08:03 793253     /lib/tls/i686/cmov/libnss_compat-2.11.1.so
b697c000-b697d000 r-xp 00006000 08:03 793253     /lib/tls/i686/cmov/libnss_compat-2.11.1.so
b697d000-b697e000 rwxp 00007000 08:03 793253     /lib/tls/i686/cmov/libnss_compat-2.11.1.so
b697e000-b697f000 r-xs 00000000 08:03 3448652    /var/cache/fontconfig/4794a0821666d79190d59a36cb4f44b5-le32d4.cache-3
b697f000-b6980000 r-xp 00000000 08:03 3154888    /usr/share/locale-langpack/ja/LC_MESSAGES/libc.mo
b6980000-b6987000 r-xp 00000000 08:03 3677954    /usr/lib/jvm/java-6-openjdk/jre/lib/i386/libzip.so
b6987000-b6988000 r-xp 00006000 08:03 3677954    /usr/lib/jvm/java-6-openjdk/jre/lib/i386/libzip.so
b6988000-b6989000 rwxp 00007000 08:03 3677954    /usr/lib/jvm/java-6-openjdk/jre/lib/i386/libzip.so
b6989000-b6991000 rwxs 00000000 08:03 4342898    /tmp/hsperfdata_halcat/3342
b6991000-b6a12000 r-xp 00000000 08:03 2890279    /usr/lib/locale/ja_JP.utf8/LC_CTYPE
b6a12000-b6a13000 r-xp 00000000 08:03 2891346    /usr/lib/locale/ja_JP.utf8/LC_NUMERIC
b6a13000-b6a15000 r-xp 00000000 08:03 2890280    /usr/lib/locale/ja_JP.utf8/LC_TIME
b6a15000-b6a81000 r-xp 00000000 08:03 2890281    /usr/lib/locale/ja_JP.utf8/LC_COLLATE
b6a81000-b6a88000 r-xs 00000000 08:03 2894802    /usr/lib/gconv/gconv-modules.cache
b6a88000-b6abe000 r-xp 00000000 08:03 3677940    /usr/lib/jvm/java-6-openjdk/jre/lib/i386/libjdwp.so
b6abe000-b6abf000 r-xp 00036000 08:03 3677940    /usr/lib/jvm/java-6-openjdk/jre/lib/i386/libjdwp.so
b6abf000-b6ac0000 rwxp 00037000 08:03 3677940    /usr/lib/jvm/java-6-openjdk/jre/lib/i386/libjdwp.so
b6ac0000-b6ad3000 r-xp 00000000 08:03 788911     /lib/tls/i686/cmov/libnsl-2.11.1.so
b6ad3000-b6ad4000 r-xp 00012000 08:03 788911     /lib/tls/i686/cmov/libnsl-2.11.1.so
b6ad4000-b6ad5000 rwxp 00013000 08:03 788911     /lib/tls/i686/cmov/libnsl-2.11.1.so
b6ad5000-b6ad7000 rwxp 00000000 00:00 0 
b6ad7000-b6ad8000 r-xp 00000000 08:03 2890282    /usr/lib/locale/ja_JP.utf8/LC_MONETARY
b6ad8000-b6ad9000 r-xp 00000000 08:03 2890283    /usr/lib/locale/ja_JP.utf8/LC_MESSAGES/SYS_LC_MESSAGES
b6ad9000-b6ada000 r-xp 00000000 08:03 2891308    /usr/lib/locale/ja_JP.utf8/LC_PAPER
b6ada000-b6adb000 r-xp 00000000 08:03 2890284    /usr/lib/locale/ja_JP.utf8/LC_NAME
b6adb000-b6adc000 r-xp 00000000 08:03 2890285    /usr/lib/locale/ja_JP.utf8/LC_ADDRESS
b6adc000-b6adf000 r-xp 00000000 08:03 3677949    /usr/lib/jvm/java-6-openjdk/jre/lib/i386/libnpt.so
b6adf000-b6ae0000 r-xp 00002000 08:03 3677949    /usr/lib/jvm/java-6-openjdk/jre/lib/i386/libnpt.so
b6ae0000-b6ae1000 rwxp 00003000 08:03 3677949    /usr/lib/jvm/java-6-openjdk/jre/lib/i386/libnpt.so
b6ae1000-b6ae8000 r-xp 00000000 08:03 3677955    /usr/lib/jvm/java-6-openjdk/jre/lib/i386/native_threads/libhpi.so
b6ae8000-b6ae9000 r-xp 00006000 08:03 3677955    /usr/lib/jvm/java-6-openjdk/jre/lib/i386/native_threads/libhpi.so
b6ae9000-b6aea000 rwxp 00007000 08:03 3677955    /usr/lib/jvm/java-6-openjdk/jre/lib/i386/native_threads/libhpi.so
b6aea000-b6b0e000 r-xp 00000000 08:03 3677937    /usr/lib/jvm/java-6-openjdk/jre/lib/i386/libjava.so
b6b0e000-b6b0f000 r-xp 00023000 08:03 3677937    /usr/lib/jvm/java-6-openjdk/jre/lib/i386/libjava.so
b6b0f000-b6b11000 rwxp 00024000 08:03 3677937    /usr/lib/jvm/java-6-openjdk/jre/lib/i386/libjava.so
b6b11000-b6b18000 r-xp 00000000 08:03 793243     /lib/tls/i686/cmov/librt-2.11.1.so
b6b18000-b6b19000 r-xp 00006000 08:03 793243     /lib/tls/i686/cmov/librt-2.11.1.so
b6b19000-b6b1a000 rwxp 00007000 08:03 793243     /lib/tls/i686/cmov/librt-2.11.1.so
b6b1a000-b6b1d000 ---p 00000000 00:00 0 
b6b1d000-b6b6b000 rwxp 00000000 00:00 0 
b6b6b000-b6b8f000 r-xp 00000000 08:03 793236     /lib/tls/i686/cmov/libm-2.11.1.so
b6b8f000-b6b90000 r-xp 00023000 08:03 793236     /lib/tls/i686/cmov/libm-2.11.1.so
b6b90000-b6b91000 rwxp 00024000 08:03 793236     /lib/tls/i686/cmov/libm-2.11.1.so
b6b91000-b7243000 r-xp 00000000 08:03 3677956    /usr/lib/jvm/java-6-openjdk/jre/lib/i386/server/libjvm.so
b7243000-b7244000 ---p 006b2000 08:03 3677956    /usr/lib/jvm/java-6-openjdk/jre/lib/i386/server/libjvm.so
b7244000-b7289000 r-xp 006b2000 08:03 3677956    /usr/lib/jvm/java-6-openjdk/jre/lib/i386/server/libjvm.so
b7289000-b7298000 rwxp 006f7000 08:03 3677956    /usr/lib/jvm/java-6-openjdk/jre/lib/i386/server/libjvm.so
b7298000-b76b9000 rwxp 00000000 00:00 0 
b76b9000-b780c000 r-xp 00000000 08:03 793233     /lib/tls/i686/cmov/libc-2.11.1.so
b780c000-b780d000 ---p 00153000 08:03 793233     /lib/tls/i686/cmov/libc-2.11.1.so
b780d000-b780f000 r-xp 00153000 08:03 793233     /lib/tls/i686/cmov/libc-2.11.1.so
b780f000-b7810000 rwxp 00155000 08:03 793233     /lib/tls/i686/cmov/libc-2.11.1.so
b7810000-b7813000 rwxp 00000000 00:00 0 
b7813000-b7815000 r-xp 00000000 08:03 793223     /lib/tls/i686/cmov/libdl-2.11.1.so
b7815000-b7816000 r-xp 00001000 08:03 793223     /lib/tls/i686/cmov/libdl-2.11.1.so
b7816000-b7817000 rwxp 00002000 08:03 793223     /lib/tls/i686/cmov/libdl-2.11.1.so
b7817000-b781a000 r-xp 00000000 08:03 3677925    /usr/lib/jvm/java-6-openjdk/jre/lib/i386/jli/libjli.so
b781a000-b781b000 r-xp 00003000 08:03 3677925    /usr/lib/jvm/java-6-openjdk/jre/lib/i386/jli/libjli.so
b781b000-b781c000 rwxp 00004000 08:03 3677925    /usr/lib/jvm/java-6-openjdk/jre/lib/i386/jli/libjli.so
b781c000-b7831000 r-xp 00000000 08:03 793224     /lib/tls/i686/cmov/libpthread-2.11.1.so
b7831000-b7832000 r-xp 00014000 08:03 793224     /lib/tls/i686/cmov/libpthread-2.11.1.so
b7832000-b7833000 rwxp 00015000 08:03 793224     /lib/tls/i686/cmov/libpthread-2.11.1.so
b7833000-b7836000 rwxp 00000000 00:00 0 
b7836000-b7849000 r-xp 00000000 08:03 788929     /lib/libz.so.1.2.3.3
b7849000-b784a000 r-xp 00012000 08:03 788929     /lib/libz.so.1.2.3.3
b784a000-b784b000 rwxp 00013000 08:03 788929     /lib/libz.so.1.2.3.3
b784b000-b784c000 r-xp 00000000 08:03 2890286    /usr/lib/locale/ja_JP.utf8/LC_TELEPHONE
b784c000-b784d000 r-xp 00000000 08:03 2891304    /usr/lib/locale/ja_JP.utf8/LC_MEASUREMENT
b784d000-b784e000 r-xp 00000000 08:03 2890287    /usr/lib/locale/ja_JP.utf8/LC_IDENTIFICATION
b784e000-b784f000 rwxp 00000000 00:00 0 
b784f000-b7850000 r-xp 00000000 00:00 0 
b7850000-b785c000 r-xp 00000000 08:03 3677953    /usr/lib/jvm/java-6-openjdk/jre/lib/i386/libverify.so
b785c000-b785d000 r-xp 0000b000 08:03 3677953    /usr/lib/jvm/java-6-openjdk/jre/lib/i386/libverify.so
b785d000-b785e000 rwxp 0000c000 08:03 3677953    /usr/lib/jvm/java-6-openjdk/jre/lib/i386/libverify.so
b785e000-b7860000 rwxp 00000000 00:00 0 
b7860000-b7861000 r-xp 00000000 00:00 0          [vdso]
b7861000-b787c000 r-xp 00000000 08:03 797787     /lib/ld-2.11.1.so
b787c000-b787d000 r-xp 0001a000 08:03 797787     /lib/ld-2.11.1.so
b787d000-b787e000 rwxp 0001b000 08:03 797787     /lib/ld-2.11.1.so
b7900000-bfb00000 rwxp 00000000 00:00 0 
bfb7c000-bfb91000 rw-p 00000000 00:00 0          [stack]
bfc00000-c0000000 rwxp 00000000 00:00 0 

VM Arguments:
jvm_args: -Xdebug -Xrunjdwp:transport=dt_socket,address=halcat-desktop:33726,suspend=y 
java_command: baskingcat.act.ACT
Launcher Type: SUN_STANDARD

Environment Variables:
PATH=/home/halcat/bin:/usr/local/sbin:/usr/local/bin:/usr/sbin:/usr/bin:/sbin:/bin:/usr/games:/home/halcat/scala/bin:/home/halcat/clojure:/home/halcat/leiningen/bin
USERNAME=halcat
LD_LIBRARY_PATH=/usr/lib/jvm/java-6-openjdk/jre/lib/i386/server:/usr/lib/jvm/java-6-openjdk/jre/lib/i386:/usr/lib/jvm/java-6-openjdk/jre/../lib/i386
SHELL=/usr/bin/zsh
DISPLAY=:0.0

Signal Handlers:
SIGSEGV: [libjvm.so+0x637540], sa_mask[0]=0x7ffbfeff, sa_flags=0x10000004
SIGBUS: [libjvm.so+0x637540], sa_mask[0]=0x7ffbfeff, sa_flags=0x10000004
SIGFPE: [libjvm.so+0x50e650], sa_mask[0]=0x7ffbfeff, sa_flags=0x10000004
SIGPIPE: [libjvm.so+0x50e650], sa_mask[0]=0x7ffbfeff, sa_flags=0x10000004
SIGXFSZ: [libjvm.so+0x50e650], sa_mask[0]=0x7ffbfeff, sa_flags=0x10000004
SIGILL: [libjvm.so+0x50e650], sa_mask[0]=0x7ffbfeff, sa_flags=0x10000004
SIGUSR1: SIG_DFL, sa_mask[0]=0x00000000, sa_flags=0x00000000
SIGUSR2: [libjvm.so+0x50dd00], sa_mask[0]=0x00000004, sa_flags=0x10000004
SIGHUP: [libjvm.so+0x510870], sa_mask[0]=0x7ffbfeff, sa_flags=0x10000004
SIGINT: [libjvm.so+0x510870], sa_mask[0]=0x7ffbfeff, sa_flags=0x10000004
SIGTERM: [libjvm.so+0x510870], sa_mask[0]=0x7ffbfeff, sa_flags=0x10000004
SIGQUIT: [libjvm.so+0x510870], sa_mask[0]=0x7ffbfeff, sa_flags=0x10000004


---------------  S Y S T E M  ---------------

OS:Ubuntu 10.04 (lucid)
uname:Linux 2.6.32-28-generic #55-Ubuntu SMP Mon Jan 10 21:21:01 UTC 2011 i686
libc:glibc 2.11.1 NPTL 2.11.1 
rlimit: STACK 8192k, CORE 0k, NPROC infinity, NOFILE 1024, AS infinity
load average:3.59 2.98 2.37

/proc/meminfo:
MemTotal:        3579528 kB
MemFree:          100332 kB
Buffers:            2096 kB
Cached:           161172 kB
SwapCached:        46736 kB
Active:          2491336 kB
Inactive:         890188 kB
Active(anon):    2468364 kB
Inactive(anon):   870172 kB
Active(file):      22972 kB
Inactive(file):    20016 kB
Unevictable:          16 kB
Mlocked:              16 kB
HighTotal:       2725384 kB
HighFree:           3320 kB
LowTotal:         854144 kB
LowFree:           97012 kB
SwapTotal:       3221496 kB
SwapFree:        1319676 kB
Dirty:               208 kB
Writeback:          1320 kB
AnonPages:       3201992 kB
Mapped:            38032 kB
Shmem:            120712 kB
Slab:              27156 kB
SReclaimable:      11508 kB
SUnreclaim:        15648 kB
KernelStack:        3840 kB
PageTables:        10228 kB
NFS_Unstable:          0 kB
Bounce:                0 kB
WritebackTmp:          0 kB
CommitLimit:     5011260 kB
Committed_AS:    5421020 kB
VmallocTotal:     122880 kB
VmallocUsed:       47900 kB
VmallocChunk:      39544 kB
HardwareCorrupted:     0 kB
HugePages_Total:       0
HugePages_Free:        0
HugePages_Rsvd:        0
HugePages_Surp:        0
Hugepagesize:       4096 kB
DirectMap4k:       16376 kB
DirectMap4M:      892928 kB


CPU:total 4 (4 cores per cpu, 1 threads per core) family 6 model 23 stepping 10, cmov, cx8, fxsr, mmx, sse, sse2, sse3, ssse3, sse4.1

Memory: 4k page, physical 3579528k(100332k free), swap 3221496k(1319676k free)

vm_info: OpenJDK Server VM (19.0-b09) for linux-x86 JRE (1.6.0_20-b20), built on Jan  7 2011 19:33:58 by "buildd" with gcc 4.4.3

time: Sat Jan 29 00:06:09 2011
elapsed time: 220 seconds

